2019-08-16 11:33:47.268 [restartedMain] WARN  org.elasticsearch.bootstrap - JNA not found. native methods will be disabled.
java.lang.ClassNotFoundException: com.sun.jna.Native
	at java.net.URLClassLoader.findClass(Unknown Source)
	at java.lang.ClassLoader.loadClass(Unknown Source)
	at sun.misc.Launcher$AppClassLoader.loadClass(Unknown Source)
	at java.lang.ClassLoader.loadClass(Unknown Source)
	at java.lang.Class.forName0(Native Method)
	at java.lang.Class.forName(Unknown Source)
	at org.elasticsearch.bootstrap.Natives.<clinit>(Natives.java:45)
	at org.elasticsearch.bootstrap.BootstrapInfo.isMemoryLocked(BootstrapInfo.java:44)
	at org.elasticsearch.monitor.process.ProcessProbe.processInfo(ProcessProbe.java:130)
	at org.elasticsearch.monitor.process.ProcessService.<init>(ProcessService.java:44)
	at sun.reflect.NativeConstructorAccessorImpl.newInstance0(Native Method)
	at sun.reflect.NativeConstructorAccessorImpl.newInstance(Unknown Source)
	at sun.reflect.DelegatingConstructorAccessorImpl.newInstance(Unknown Source)
	at java.lang.reflect.Constructor.newInstance(Unknown Source)
	at org.elasticsearch.common.inject.DefaultConstructionProxyFactory$1.newInstance(DefaultConstructionProxyFactory.java:50)
	at org.elasticsearch.common.inject.ConstructorInjector.construct(ConstructorInjector.java:86)
	at org.elasticsearch.common.inject.ConstructorBindingImpl$Factory.get(ConstructorBindingImpl.java:104)
	at org.elasticsearch.common.inject.ProviderToInternalFactoryAdapter$1.call(ProviderToInternalFactoryAdapter.java:47)
	at org.elasticsearch.common.inject.InjectorImpl.callInContext(InjectorImpl.java:886)
	at org.elasticsearch.common.inject.ProviderToInternalFactoryAdapter.get(ProviderToInternalFactoryAdapter.java:43)
	at org.elasticsearch.common.inject.Scopes$1$1.get(Scopes.java:59)
	at org.elasticsearch.common.inject.InternalFactoryToProviderAdapter.get(InternalFactoryToProviderAdapter.java:46)
	at org.elasticsearch.common.inject.SingleParameterInjector.inject(SingleParameterInjector.java:42)
	at org.elasticsearch.common.inject.SingleParameterInjector.getAll(SingleParameterInjector.java:66)
	at org.elasticsearch.common.inject.ConstructorInjector.construct(ConstructorInjector.java:85)
	at org.elasticsearch.common.inject.ConstructorBindingImpl$Factory.get(ConstructorBindingImpl.java:104)
	at org.elasticsearch.common.inject.SingleParameterInjector.inject(SingleParameterInjector.java:42)
	at org.elasticsearch.common.inject.SingleParameterInjector.getAll(SingleParameterInjector.java:66)
	at org.elasticsearch.common.inject.ConstructorInjector.construct(ConstructorInjector.java:85)
	at org.elasticsearch.common.inject.ConstructorBindingImpl$Factory.get(ConstructorBindingImpl.java:104)
	at org.elasticsearch.common.inject.ProviderToInternalFactoryAdapter$1.call(ProviderToInternalFactoryAdapter.java:47)
	at org.elasticsearch.common.inject.InjectorImpl.callInContext(InjectorImpl.java:886)
	at org.elasticsearch.common.inject.ProviderToInternalFactoryAdapter.get(ProviderToInternalFactoryAdapter.java:43)
	at org.elasticsearch.common.inject.Scopes$1$1.get(Scopes.java:59)
	at org.elasticsearch.common.inject.InternalFactoryToProviderAdapter.get(InternalFactoryToProviderAdapter.java:46)
	at org.elasticsearch.common.inject.InjectorBuilder$1.call(InjectorBuilder.java:201)
	at org.elasticsearch.common.inject.InjectorBuilder$1.call(InjectorBuilder.java:193)
	at org.elasticsearch.common.inject.InjectorImpl.callInContext(InjectorImpl.java:879)
	at org.elasticsearch.common.inject.InjectorBuilder.loadEagerSingletons(InjectorBuilder.java:193)
	at org.elasticsearch.common.inject.InjectorBuilder.injectDynamically(InjectorBuilder.java:175)
	at org.elasticsearch.common.inject.InjectorBuilder.build(InjectorBuilder.java:110)
	at org.elasticsearch.common.inject.Guice.createInjector(Guice.java:93)
	at org.elasticsearch.common.inject.Guice.createInjector(Guice.java:70)
	at org.elasticsearch.common.inject.ModulesBuilder.createInjector(ModulesBuilder.java:46)
	at org.elasticsearch.node.Node.<init>(Node.java:213)
	at org.elasticsearch.node.Node.<init>(Node.java:140)
	at org.elasticsearch.node.NodeBuilder.build(NodeBuilder.java:143)
	at org.elasticsearch.node.NodeBuilder.node(NodeBuilder.java:150)
	at org.springframework.boot.autoconfigure.data.elasticsearch.ElasticsearchAutoConfiguration.createNodeClient(ElasticsearchAutoConfiguration.java:107)
	at org.springframework.boot.autoconfigure.data.elasticsearch.ElasticsearchAutoConfiguration.createClient(ElasticsearchAutoConfiguration.java:95)
	at org.springframework.boot.autoconfigure.data.elasticsearch.ElasticsearchAutoConfiguration.elasticsearchClient(ElasticsearchAutoConfiguration.java:84)
	at org.springframework.boot.autoconfigure.data.elasticsearch.ElasticsearchAutoConfiguration$$EnhancerBySpringCGLIB$$41f3b451.CGLIB$elasticsearchClient$1(<generated>)
	at org.springframework.boot.autoconfigure.data.elasticsearch.ElasticsearchAutoConfiguration$$EnhancerBySpringCGLIB$$41f3b451$$FastClassBySpringCGLIB$$1339291e.invoke(<generated>)
	at org.springframework.cglib.proxy.MethodProxy.invokeSuper(MethodProxy.java:228)
	at org.springframework.context.annotation.ConfigurationClassEnhancer$BeanMethodInterceptor.intercept(ConfigurationClassEnhancer.java:358)
	at org.springframework.boot.autoconfigure.data.elasticsearch.ElasticsearchAutoConfiguration$$EnhancerBySpringCGLIB$$41f3b451.elasticsearchClient(<generated>)
	at sun.reflect.NativeMethodAccessorImpl.invoke0(Native Method)
	at sun.reflect.NativeMethodAccessorImpl.invoke(Unknown Source)
	at sun.reflect.DelegatingMethodAccessorImpl.invoke(Unknown Source)
	at java.lang.reflect.Method.invoke(Unknown Source)
	at org.springframework.beans.factory.support.SimpleInstantiationStrategy.instantiate(SimpleInstantiationStrategy.java:162)
	at org.springframework.beans.factory.support.ConstructorResolver.instantiateUsingFactoryMethod(ConstructorResolver.java:588)
	at org.springframework.beans.factory.support.AbstractAutowireCapableBeanFactory.instantiateUsingFactoryMethod(AbstractAutowireCapableBeanFactory.java:1173)
	at org.springframework.beans.factory.support.AbstractAutowireCapableBeanFactory.createBeanInstance(AbstractAutowireCapableBeanFactory.java:1067)
	at org.springframework.beans.factory.support.AbstractAutowireCapableBeanFactory.doCreateBean(AbstractAutowireCapableBeanFactory.java:513)
	at org.springframework.beans.factory.support.AbstractAutowireCapableBeanFactory.createBean(AbstractAutowireCapableBeanFactory.java:483)
	at org.springframework.beans.factory.support.AbstractBeanFactory$1.getObject(AbstractBeanFactory.java:306)
	at org.springframework.beans.factory.support.DefaultSingletonBeanRegistry.getSingleton(DefaultSingletonBeanRegistry.java:230)
	at org.springframework.beans.factory.support.AbstractBeanFactory.doGetBean(AbstractBeanFactory.java:302)
	at org.springframework.beans.factory.support.AbstractBeanFactory.getBean(AbstractBeanFactory.java:197)
	at org.springframework.beans.factory.support.DefaultListableBeanFactory.preInstantiateSingletons(DefaultListableBeanFactory.java:761)
	at org.springframework.context.support.AbstractApplicationContext.finishBeanFactoryInitialization(AbstractApplicationContext.java:866)
	at org.springframework.context.support.AbstractApplicationContext.refresh(AbstractApplicationContext.java:542)
	at org.springframework.boot.context.embedded.EmbeddedWebApplicationContext.refresh(EmbeddedWebApplicationContext.java:122)
	at org.springframework.boot.SpringApplication.refresh(SpringApplication.java:737)
	at org.springframework.boot.SpringApplication.refreshContext(SpringApplication.java:370)
	at org.springframework.boot.SpringApplication.run(SpringApplication.java:314)
	at org.springframework.boot.SpringApplication.run(SpringApplication.java:1162)
	at org.springframework.boot.SpringApplication.run(SpringApplication.java:1151)
	at com.wang.xvsell.XvSellApplication.main(XvSellApplication.java:10)
	at sun.reflect.NativeMethodAccessorImpl.invoke0(Native Method)
	at sun.reflect.NativeMethodAccessorImpl.invoke(Unknown Source)
	at sun.reflect.DelegatingMethodAccessorImpl.invoke(Unknown Source)
	at java.lang.reflect.Method.invoke(Unknown Source)
	at org.springframework.boot.devtools.restart.RestartLauncher.run(RestartLauncher.java:49)
2019-08-16 11:45:12.244 [main] WARN  org.elasticsearch.bootstrap - JNA not found. native methods will be disabled.
java.lang.ClassNotFoundException: com.sun.jna.Native
	at java.net.URLClassLoader.findClass(Unknown Source)
	at java.lang.ClassLoader.loadClass(Unknown Source)
	at sun.misc.Launcher$AppClassLoader.loadClass(Unknown Source)
	at java.lang.ClassLoader.loadClass(Unknown Source)
	at java.lang.Class.forName0(Native Method)
	at java.lang.Class.forName(Unknown Source)
	at org.elasticsearch.bootstrap.Natives.<clinit>(Natives.java:45)
	at org.elasticsearch.bootstrap.BootstrapInfo.isMemoryLocked(BootstrapInfo.java:44)
	at org.elasticsearch.monitor.process.ProcessProbe.processInfo(ProcessProbe.java:130)
	at org.elasticsearch.monitor.process.ProcessService.<init>(ProcessService.java:44)
	at sun.reflect.NativeConstructorAccessorImpl.newInstance0(Native Method)
	at sun.reflect.NativeConstructorAccessorImpl.newInstance(Unknown Source)
	at sun.reflect.DelegatingConstructorAccessorImpl.newInstance(Unknown Source)
	at java.lang.reflect.Constructor.newInstance(Unknown Source)
	at org.elasticsearch.common.inject.DefaultConstructionProxyFactory$1.newInstance(DefaultConstructionProxyFactory.java:50)
	at org.elasticsearch.common.inject.ConstructorInjector.construct(ConstructorInjector.java:86)
	at org.elasticsearch.common.inject.ConstructorBindingImpl$Factory.get(ConstructorBindingImpl.java:104)
	at org.elasticsearch.common.inject.ProviderToInternalFactoryAdapter$1.call(ProviderToInternalFactoryAdapter.java:47)
	at org.elasticsearch.common.inject.InjectorImpl.callInContext(InjectorImpl.java:886)
	at org.elasticsearch.common.inject.ProviderToInternalFactoryAdapter.get(ProviderToInternalFactoryAdapter.java:43)
	at org.elasticsearch.common.inject.Scopes$1$1.get(Scopes.java:59)
	at org.elasticsearch.common.inject.InternalFactoryToProviderAdapter.get(InternalFactoryToProviderAdapter.java:46)
	at org.elasticsearch.common.inject.SingleParameterInjector.inject(SingleParameterInjector.java:42)
	at org.elasticsearch.common.inject.SingleParameterInjector.getAll(SingleParameterInjector.java:66)
	at org.elasticsearch.common.inject.ConstructorInjector.construct(ConstructorInjector.java:85)
	at org.elasticsearch.common.inject.ConstructorBindingImpl$Factory.get(ConstructorBindingImpl.java:104)
	at org.elasticsearch.common.inject.SingleParameterInjector.inject(SingleParameterInjector.java:42)
	at org.elasticsearch.common.inject.SingleParameterInjector.getAll(SingleParameterInjector.java:66)
	at org.elasticsearch.common.inject.ConstructorInjector.construct(ConstructorInjector.java:85)
	at org.elasticsearch.common.inject.ConstructorBindingImpl$Factory.get(ConstructorBindingImpl.java:104)
	at org.elasticsearch.common.inject.ProviderToInternalFactoryAdapter$1.call(ProviderToInternalFactoryAdapter.java:47)
	at org.elasticsearch.common.inject.InjectorImpl.callInContext(InjectorImpl.java:886)
	at org.elasticsearch.common.inject.ProviderToInternalFactoryAdapter.get(ProviderToInternalFactoryAdapter.java:43)
	at org.elasticsearch.common.inject.Scopes$1$1.get(Scopes.java:59)
	at org.elasticsearch.common.inject.InternalFactoryToProviderAdapter.get(InternalFactoryToProviderAdapter.java:46)
	at org.elasticsearch.common.inject.InjectorBuilder$1.call(InjectorBuilder.java:201)
	at org.elasticsearch.common.inject.InjectorBuilder$1.call(InjectorBuilder.java:193)
	at org.elasticsearch.common.inject.InjectorImpl.callInContext(InjectorImpl.java:879)
	at org.elasticsearch.common.inject.InjectorBuilder.loadEagerSingletons(InjectorBuilder.java:193)
	at org.elasticsearch.common.inject.InjectorBuilder.injectDynamically(InjectorBuilder.java:175)
	at org.elasticsearch.common.inject.InjectorBuilder.build(InjectorBuilder.java:110)
	at org.elasticsearch.common.inject.Guice.createInjector(Guice.java:93)
	at org.elasticsearch.common.inject.Guice.createInjector(Guice.java:70)
	at org.elasticsearch.common.inject.ModulesBuilder.createInjector(ModulesBuilder.java:46)
	at org.elasticsearch.node.Node.<init>(Node.java:213)
	at org.elasticsearch.node.Node.<init>(Node.java:140)
	at org.elasticsearch.node.NodeBuilder.build(NodeBuilder.java:143)
	at org.elasticsearch.node.NodeBuilder.node(NodeBuilder.java:150)
	at org.springframework.boot.autoconfigure.data.elasticsearch.ElasticsearchAutoConfiguration.createNodeClient(ElasticsearchAutoConfiguration.java:107)
	at org.springframework.boot.autoconfigure.data.elasticsearch.ElasticsearchAutoConfiguration.createClient(ElasticsearchAutoConfiguration.java:95)
	at org.springframework.boot.autoconfigure.data.elasticsearch.ElasticsearchAutoConfiguration.elasticsearchClient(ElasticsearchAutoConfiguration.java:84)
	at org.springframework.boot.autoconfigure.data.elasticsearch.ElasticsearchAutoConfiguration$$EnhancerBySpringCGLIB$$9db6a0c2.CGLIB$elasticsearchClient$1(<generated>)
	at org.springframework.boot.autoconfigure.data.elasticsearch.ElasticsearchAutoConfiguration$$EnhancerBySpringCGLIB$$9db6a0c2$$FastClassBySpringCGLIB$$9dd33da3.invoke(<generated>)
	at org.springframework.cglib.proxy.MethodProxy.invokeSuper(MethodProxy.java:228)
	at org.springframework.context.annotation.ConfigurationClassEnhancer$BeanMethodInterceptor.intercept(ConfigurationClassEnhancer.java:358)
	at org.springframework.boot.autoconfigure.data.elasticsearch.ElasticsearchAutoConfiguration$$EnhancerBySpringCGLIB$$9db6a0c2.elasticsearchClient(<generated>)
	at sun.reflect.NativeMethodAccessorImpl.invoke0(Native Method)
	at sun.reflect.NativeMethodAccessorImpl.invoke(Unknown Source)
	at sun.reflect.DelegatingMethodAccessorImpl.invoke(Unknown Source)
	at java.lang.reflect.Method.invoke(Unknown Source)
	at org.springframework.beans.factory.support.SimpleInstantiationStrategy.instantiate(SimpleInstantiationStrategy.java:162)
	at org.springframework.beans.factory.support.ConstructorResolver.instantiateUsingFactoryMethod(ConstructorResolver.java:588)
	at org.springframework.beans.factory.support.AbstractAutowireCapableBeanFactory.instantiateUsingFactoryMethod(AbstractAutowireCapableBeanFactory.java:1173)
	at org.springframework.beans.factory.support.AbstractAutowireCapableBeanFactory.createBeanInstance(AbstractAutowireCapableBeanFactory.java:1067)
	at org.springframework.beans.factory.support.AbstractAutowireCapableBeanFactory.doCreateBean(AbstractAutowireCapableBeanFactory.java:513)
	at org.springframework.beans.factory.support.AbstractAutowireCapableBeanFactory.createBean(AbstractAutowireCapableBeanFactory.java:483)
	at org.springframework.beans.factory.support.AbstractBeanFactory$1.getObject(AbstractBeanFactory.java:306)
	at org.springframework.beans.factory.support.DefaultSingletonBeanRegistry.getSingleton(DefaultSingletonBeanRegistry.java:230)
	at org.springframework.beans.factory.support.AbstractBeanFactory.doGetBean(AbstractBeanFactory.java:302)
	at org.springframework.beans.factory.support.AbstractBeanFactory.getBean(AbstractBeanFactory.java:202)
	at org.springframework.beans.factory.config.DependencyDescriptor.resolveCandidate(DependencyDescriptor.java:208)
	at org.springframework.beans.factory.support.DefaultListableBeanFactory.doResolveDependency(DefaultListableBeanFactory.java:1138)
	at org.springframework.beans.factory.support.DefaultListableBeanFactory.resolveDependency(DefaultListableBeanFactory.java:1066)
	at org.springframework.beans.factory.support.ConstructorResolver.resolveAutowiredArgument(ConstructorResolver.java:835)
	at org.springframework.beans.factory.support.ConstructorResolver.createArgumentArray(ConstructorResolver.java:741)
	at org.springframework.beans.factory.support.ConstructorResolver.instantiateUsingFactoryMethod(ConstructorResolver.java:467)
	at org.springframework.beans.factory.support.AbstractAutowireCapableBeanFactory.instantiateUsingFactoryMethod(AbstractAutowireCapableBeanFactory.java:1173)
	at org.springframework.beans.factory.support.AbstractAutowireCapableBeanFactory.createBeanInstance(AbstractAutowireCapableBeanFactory.java:1067)
	at org.springframework.beans.factory.support.AbstractAutowireCapableBeanFactory.doCreateBean(AbstractAutowireCapableBeanFactory.java:513)
	at org.springframework.beans.factory.support.AbstractAutowireCapableBeanFactory.createBean(AbstractAutowireCapableBeanFactory.java:483)
	at org.springframework.beans.factory.support.AbstractBeanFactory$1.getObject(AbstractBeanFactory.java:306)
	at org.springframework.beans.factory.support.DefaultSingletonBeanRegistry.getSingleton(DefaultSingletonBeanRegistry.java:230)
	at org.springframework.beans.factory.support.AbstractBeanFactory.doGetBean(AbstractBeanFactory.java:302)
	at org.springframework.beans.factory.support.AbstractBeanFactory.getBean(AbstractBeanFactory.java:197)
	at org.springframework.beans.factory.support.BeanDefinitionValueResolver.resolveReference(BeanDefinitionValueResolver.java:351)
	at org.springframework.beans.factory.support.BeanDefinitionValueResolver.resolveValueIfNecessary(BeanDefinitionValueResolver.java:108)
	at org.springframework.beans.factory.support.AbstractAutowireCapableBeanFactory.applyPropertyValues(AbstractAutowireCapableBeanFactory.java:1531)
	at org.springframework.beans.factory.support.AbstractAutowireCapableBeanFactory.populateBean(AbstractAutowireCapableBeanFactory.java:1276)
	at org.springframework.beans.factory.support.AbstractAutowireCapableBeanFactory.doCreateBean(AbstractAutowireCapableBeanFactory.java:553)
	at org.springframework.beans.factory.support.AbstractAutowireCapableBeanFactory.createBean(AbstractAutowireCapableBeanFactory.java:483)
	at org.springframework.beans.factory.support.AbstractBeanFactory$1.getObject(AbstractBeanFactory.java:306)
	at org.springframework.beans.factory.support.DefaultSingletonBeanRegistry.getSingleton(DefaultSingletonBeanRegistry.java:230)
	at org.springframework.beans.factory.support.AbstractBeanFactory.doGetBean(AbstractBeanFactory.java:302)
	at org.springframework.beans.factory.support.AbstractBeanFactory.getBean(AbstractBeanFactory.java:202)
	at org.springframework.context.support.AbstractApplicationContext.getBean(AbstractApplicationContext.java:1087)
	at org.springframework.data.repository.support.Repositories.cacheRepositoryFactory(Repositories.java:95)
	at org.springframework.data.repository.support.Repositories.populateRepositoryFactoryInformation(Repositories.java:88)
	at org.springframework.data.repository.support.Repositories.<init>(Repositories.java:81)
	at org.springframework.data.repository.support.DomainClassConverter.setApplicationContext(DomainClassConverter.java:98)
	at org.springframework.data.web.config.SpringDataWebConfiguration.addFormatters(SpringDataWebConfiguration.java:94)
	at org.springframework.web.servlet.config.annotation.WebMvcConfigurerComposite.addFormatters(WebMvcConfigurerComposite.java:80)
	at org.springframework.web.servlet.config.annotation.DelegatingWebMvcConfiguration.addFormatters(DelegatingWebMvcConfiguration.java:77)
	at org.springframework.web.servlet.config.annotation.WebMvcConfigurationSupport.mvcConversionService(WebMvcConfigurationSupport.java:594)
	at org.springframework.boot.autoconfigure.web.WebMvcAutoConfiguration$EnableWebMvcConfiguration$$EnhancerBySpringCGLIB$$29fb2193.CGLIB$mvcConversionService$46(<generated>)
	at org.springframework.boot.autoconfigure.web.WebMvcAutoConfiguration$EnableWebMvcConfiguration$$EnhancerBySpringCGLIB$$29fb2193$$FastClassBySpringCGLIB$$1804bff1.invoke(<generated>)
	at org.springframework.cglib.proxy.MethodProxy.invokeSuper(MethodProxy.java:228)
	at org.springframework.context.annotation.ConfigurationClassEnhancer$BeanMethodInterceptor.intercept(ConfigurationClassEnhancer.java:358)
	at org.springframework.boot.autoconfigure.web.WebMvcAutoConfiguration$EnableWebMvcConfiguration$$EnhancerBySpringCGLIB$$29fb2193.mvcConversionService(<generated>)
	at sun.reflect.NativeMethodAccessorImpl.invoke0(Native Method)
	at sun.reflect.NativeMethodAccessorImpl.invoke(Unknown Source)
	at sun.reflect.DelegatingMethodAccessorImpl.invoke(Unknown Source)
	at java.lang.reflect.Method.invoke(Unknown Source)
	at org.springframework.beans.factory.support.SimpleInstantiationStrategy.instantiate(SimpleInstantiationStrategy.java:162)
	at org.springframework.beans.factory.support.ConstructorResolver.instantiateUsingFactoryMethod(ConstructorResolver.java:588)
	at org.springframework.beans.factory.support.AbstractAutowireCapableBeanFactory.instantiateUsingFactoryMethod(AbstractAutowireCapableBeanFactory.java:1173)
	at org.springframework.beans.factory.support.AbstractAutowireCapableBeanFactory.createBeanInstance(AbstractAutowireCapableBeanFactory.java:1067)
	at org.springframework.beans.factory.support.AbstractAutowireCapableBeanFactory.doCreateBean(AbstractAutowireCapableBeanFactory.java:513)
	at org.springframework.beans.factory.support.AbstractAutowireCapableBeanFactory.createBean(AbstractAutowireCapableBeanFactory.java:483)
	at org.springframework.beans.factory.support.AbstractBeanFactory$1.getObject(AbstractBeanFactory.java:306)
	at org.springframework.beans.factory.support.DefaultSingletonBeanRegistry.getSingleton(DefaultSingletonBeanRegistry.java:230)
	at org.springframework.beans.factory.support.AbstractBeanFactory.doGetBean(AbstractBeanFactory.java:302)
	at org.springframework.beans.factory.support.AbstractBeanFactory.getBean(AbstractBeanFactory.java:197)
	at org.springframework.context.annotation.ConfigurationClassEnhancer$BeanMethodInterceptor.obtainBeanInstanceFromFactory(ConfigurationClassEnhancer.java:389)
	at org.springframework.context.annotation.ConfigurationClassEnhancer$BeanMethodInterceptor.intercept(ConfigurationClassEnhancer.java:361)
	at org.springframework.boot.autoconfigure.web.WebMvcAutoConfiguration$EnableWebMvcConfiguration$$EnhancerBySpringCGLIB$$29fb2193.mvcConversionService(<generated>)
	at org.springframework.web.servlet.config.annotation.WebMvcConfigurationSupport.getConfigurableWebBindingInitializer(WebMvcConfigurationSupport.java:566)
	at org.springframework.boot.autoconfigure.web.WebMvcAutoConfiguration$EnableWebMvcConfiguration.getConfigurableWebBindingInitializer(WebMvcAutoConfiguration.java:447)
	at org.springframework.web.servlet.config.annotation.WebMvcConfigurationSupport.requestMappingHandlerAdapter(WebMvcConfigurationSupport.java:526)
	at org.springframework.boot.autoconfigure.web.WebMvcAutoConfiguration$EnableWebMvcConfiguration.requestMappingHandlerAdapter(WebMvcAutoConfiguration.java:402)
	at org.springframework.boot.autoconfigure.web.WebMvcAutoConfiguration$EnableWebMvcConfiguration$$EnhancerBySpringCGLIB$$29fb2193.CGLIB$requestMappingHandlerAdapter$2(<generated>)
	at org.springframework.boot.autoconfigure.web.WebMvcAutoConfiguration$EnableWebMvcConfiguration$$EnhancerBySpringCGLIB$$29fb2193$$FastClassBySpringCGLIB$$1804bff1.invoke(<generated>)
	at org.springframework.cglib.proxy.MethodProxy.invokeSuper(MethodProxy.java:228)
	at org.springframework.context.annotation.ConfigurationClassEnhancer$BeanMethodInterceptor.intercept(ConfigurationClassEnhancer.java:358)
	at org.springframework.boot.autoconfigure.web.WebMvcAutoConfiguration$EnableWebMvcConfiguration$$EnhancerBySpringCGLIB$$29fb2193.requestMappingHandlerAdapter(<generated>)
	at sun.reflect.NativeMethodAccessorImpl.invoke0(Native Method)
	at sun.reflect.NativeMethodAccessorImpl.invoke(Unknown Source)
	at sun.reflect.DelegatingMethodAccessorImpl.invoke(Unknown Source)
	at java.lang.reflect.Method.invoke(Unknown Source)
	at org.springframework.beans.factory.support.SimpleInstantiationStrategy.instantiate(SimpleInstantiationStrategy.java:162)
	at org.springframework.beans.factory.support.ConstructorResolver.instantiateUsingFactoryMethod(ConstructorResolver.java:588)
	at org.springframework.beans.factory.support.AbstractAutowireCapableBeanFactory.instantiateUsingFactoryMethod(AbstractAutowireCapableBeanFactory.java:1173)
	at org.springframework.beans.factory.support.AbstractAutowireCapableBeanFactory.createBeanInstance(AbstractAutowireCapableBeanFactory.java:1067)
	at org.springframework.beans.factory.support.AbstractAutowireCapableBeanFactory.doCreateBean(AbstractAutowireCapableBeanFactory.java:513)
	at org.springframework.beans.factory.support.AbstractAutowireCapableBeanFactory.createBean(AbstractAutowireCapableBeanFactory.java:483)
	at org.springframework.beans.factory.support.AbstractBeanFactory$1.getObject(AbstractBeanFactory.java:306)
	at org.springframework.beans.factory.support.DefaultSingletonBeanRegistry.getSingleton(DefaultSingletonBeanRegistry.java:230)
	at org.springframework.beans.factory.support.AbstractBeanFactory.doGetBean(AbstractBeanFactory.java:302)
	at org.springframework.beans.factory.support.AbstractBeanFactory.getBean(AbstractBeanFactory.java:197)
	at org.springframework.beans.factory.support.DefaultListableBeanFactory.preInstantiateSingletons(DefaultListableBeanFactory.java:761)
	at org.springframework.context.support.AbstractApplicationContext.finishBeanFactoryInitialization(AbstractApplicationContext.java:866)
	at org.springframework.context.support.AbstractApplicationContext.refresh(AbstractApplicationContext.java:542)
	at org.springframework.boot.SpringApplication.refresh(SpringApplication.java:737)
	at org.springframework.boot.SpringApplication.refreshContext(SpringApplication.java:370)
	at org.springframework.boot.SpringApplication.run(SpringApplication.java:314)
	at org.springframework.boot.test.context.SpringBootContextLoader.loadContext(SpringBootContextLoader.java:120)
	at org.springframework.test.context.cache.DefaultCacheAwareContextLoaderDelegate.loadContextInternal(DefaultCacheAwareContextLoaderDelegate.java:98)
	at org.springframework.test.context.cache.DefaultCacheAwareContextLoaderDelegate.loadContext(DefaultCacheAwareContextLoaderDelegate.java:116)
	at org.springframework.test.context.support.DefaultTestContext.getApplicationContext(DefaultTestContext.java:83)
	at org.springframework.test.context.web.ServletTestExecutionListener.setUpRequestContextIfNecessary(ServletTestExecutionListener.java:189)
	at org.springframework.test.context.web.ServletTestExecutionListener.prepareTestInstance(ServletTestExecutionListener.java:131)
	at org.springframework.test.context.TestContextManager.prepareTestInstance(TestContextManager.java:230)
	at org.springframework.test.context.junit4.SpringJUnit4ClassRunner.createTest(SpringJUnit4ClassRunner.java:228)
	at org.springframework.test.context.junit4.SpringJUnit4ClassRunner$1.runReflectiveCall(SpringJUnit4ClassRunner.java:287)
	at org.junit.internal.runners.model.ReflectiveCallable.run(ReflectiveCallable.java:12)
	at org.springframework.test.context.junit4.SpringJUnit4ClassRunner.methodBlock(SpringJUnit4ClassRunner.java:289)
	at org.springframework.test.context.junit4.SpringJUnit4ClassRunner.runChild(SpringJUnit4ClassRunner.java:247)
	at org.springframework.test.context.junit4.SpringJUnit4ClassRunner.runChild(SpringJUnit4ClassRunner.java:94)
	at org.junit.runners.ParentRunner$3.run(ParentRunner.java:290)
	at org.junit.runners.ParentRunner$1.schedule(ParentRunner.java:71)
	at org.junit.runners.ParentRunner.runChildren(ParentRunner.java:288)
	at org.junit.runners.ParentRunner.access$000(ParentRunner.java:58)
	at org.junit.runners.ParentRunner$2.evaluate(ParentRunner.java:268)
	at org.springframework.test.context.junit4.statements.RunBeforeTestClassCallbacks.evaluate(RunBeforeTestClassCallbacks.java:61)
	at org.springframework.test.context.junit4.statements.RunAfterTestClassCallbacks.evaluate(RunAfterTestClassCallbacks.java:70)
	at org.junit.runners.ParentRunner.run(ParentRunner.java:363)
	at org.springframework.test.context.junit4.SpringJUnit4ClassRunner.run(SpringJUnit4ClassRunner.java:191)
	at org.eclipse.jdt.internal.junit4.runner.JUnit4TestReference.run(JUnit4TestReference.java:86)
	at org.eclipse.jdt.internal.junit.runner.TestExecution.run(TestExecution.java:38)
	at org.eclipse.jdt.internal.junit.runner.RemoteTestRunner.runTests(RemoteTestRunner.java:538)
	at org.eclipse.jdt.internal.junit.runner.RemoteTestRunner.runTests(RemoteTestRunner.java:760)
	at org.eclipse.jdt.internal.junit.runner.RemoteTestRunner.run(RemoteTestRunner.java:460)
	at org.eclipse.jdt.internal.junit.runner.RemoteTestRunner.main(RemoteTestRunner.java:206)
2019-08-16 11:48:57.197 [main] WARN  org.elasticsearch.bootstrap - JNA not found. native methods will be disabled.
java.lang.ClassNotFoundException: com.sun.jna.Native
	at java.net.URLClassLoader.findClass(Unknown Source)
	at java.lang.ClassLoader.loadClass(Unknown Source)
	at sun.misc.Launcher$AppClassLoader.loadClass(Unknown Source)
	at java.lang.ClassLoader.loadClass(Unknown Source)
	at java.lang.Class.forName0(Native Method)
	at java.lang.Class.forName(Unknown Source)
	at org.elasticsearch.bootstrap.Natives.<clinit>(Natives.java:45)
	at org.elasticsearch.bootstrap.BootstrapInfo.isMemoryLocked(BootstrapInfo.java:44)
	at org.elasticsearch.monitor.process.ProcessProbe.processInfo(ProcessProbe.java:130)
	at org.elasticsearch.monitor.process.ProcessService.<init>(ProcessService.java:44)
	at sun.reflect.NativeConstructorAccessorImpl.newInstance0(Native Method)
	at sun.reflect.NativeConstructorAccessorImpl.newInstance(Unknown Source)
	at sun.reflect.DelegatingConstructorAccessorImpl.newInstance(Unknown Source)
	at java.lang.reflect.Constructor.newInstance(Unknown Source)
	at org.elasticsearch.common.inject.DefaultConstructionProxyFactory$1.newInstance(DefaultConstructionProxyFactory.java:50)
	at org.elasticsearch.common.inject.ConstructorInjector.construct(ConstructorInjector.java:86)
	at org.elasticsearch.common.inject.ConstructorBindingImpl$Factory.get(ConstructorBindingImpl.java:104)
	at org.elasticsearch.common.inject.ProviderToInternalFactoryAdapter$1.call(ProviderToInternalFactoryAdapter.java:47)
	at org.elasticsearch.common.inject.InjectorImpl.callInContext(InjectorImpl.java:886)
	at org.elasticsearch.common.inject.ProviderToInternalFactoryAdapter.get(ProviderToInternalFactoryAdapter.java:43)
	at org.elasticsearch.common.inject.Scopes$1$1.get(Scopes.java:59)
	at org.elasticsearch.common.inject.InternalFactoryToProviderAdapter.get(InternalFactoryToProviderAdapter.java:46)
	at org.elasticsearch.common.inject.SingleParameterInjector.inject(SingleParameterInjector.java:42)
	at org.elasticsearch.common.inject.SingleParameterInjector.getAll(SingleParameterInjector.java:66)
	at org.elasticsearch.common.inject.ConstructorInjector.construct(ConstructorInjector.java:85)
	at org.elasticsearch.common.inject.ConstructorBindingImpl$Factory.get(ConstructorBindingImpl.java:104)
	at org.elasticsearch.common.inject.SingleParameterInjector.inject(SingleParameterInjector.java:42)
	at org.elasticsearch.common.inject.SingleParameterInjector.getAll(SingleParameterInjector.java:66)
	at org.elasticsearch.common.inject.ConstructorInjector.construct(ConstructorInjector.java:85)
	at org.elasticsearch.common.inject.ConstructorBindingImpl$Factory.get(ConstructorBindingImpl.java:104)
	at org.elasticsearch.common.inject.ProviderToInternalFactoryAdapter$1.call(ProviderToInternalFactoryAdapter.java:47)
	at org.elasticsearch.common.inject.InjectorImpl.callInContext(InjectorImpl.java:886)
	at org.elasticsearch.common.inject.ProviderToInternalFactoryAdapter.get(ProviderToInternalFactoryAdapter.java:43)
	at org.elasticsearch.common.inject.Scopes$1$1.get(Scopes.java:59)
	at org.elasticsearch.common.inject.InternalFactoryToProviderAdapter.get(InternalFactoryToProviderAdapter.java:46)
	at org.elasticsearch.common.inject.InjectorBuilder$1.call(InjectorBuilder.java:201)
	at org.elasticsearch.common.inject.InjectorBuilder$1.call(InjectorBuilder.java:193)
	at org.elasticsearch.common.inject.InjectorImpl.callInContext(InjectorImpl.java:879)
	at org.elasticsearch.common.inject.InjectorBuilder.loadEagerSingletons(InjectorBuilder.java:193)
	at org.elasticsearch.common.inject.InjectorBuilder.injectDynamically(InjectorBuilder.java:175)
	at org.elasticsearch.common.inject.InjectorBuilder.build(InjectorBuilder.java:110)
	at org.elasticsearch.common.inject.Guice.createInjector(Guice.java:93)
	at org.elasticsearch.common.inject.Guice.createInjector(Guice.java:70)
	at org.elasticsearch.common.inject.ModulesBuilder.createInjector(ModulesBuilder.java:46)
	at org.elasticsearch.node.Node.<init>(Node.java:213)
	at org.elasticsearch.node.Node.<init>(Node.java:140)
	at org.elasticsearch.node.NodeBuilder.build(NodeBuilder.java:143)
	at org.elasticsearch.node.NodeBuilder.node(NodeBuilder.java:150)
	at org.springframework.boot.autoconfigure.data.elasticsearch.ElasticsearchAutoConfiguration.createNodeClient(ElasticsearchAutoConfiguration.java:107)
	at org.springframework.boot.autoconfigure.data.elasticsearch.ElasticsearchAutoConfiguration.createClient(ElasticsearchAutoConfiguration.java:95)
	at org.springframework.boot.autoconfigure.data.elasticsearch.ElasticsearchAutoConfiguration.elasticsearchClient(ElasticsearchAutoConfiguration.java:84)
	at org.springframework.boot.autoconfigure.data.elasticsearch.ElasticsearchAutoConfiguration$$EnhancerBySpringCGLIB$$227ba3bd.CGLIB$elasticsearchClient$1(<generated>)
	at org.springframework.boot.autoconfigure.data.elasticsearch.ElasticsearchAutoConfiguration$$EnhancerBySpringCGLIB$$227ba3bd$$FastClassBySpringCGLIB$$2abf23a5.invoke(<generated>)
	at org.springframework.cglib.proxy.MethodProxy.invokeSuper(MethodProxy.java:228)
	at org.springframework.context.annotation.ConfigurationClassEnhancer$BeanMethodInterceptor.intercept(ConfigurationClassEnhancer.java:358)
	at org.springframework.boot.autoconfigure.data.elasticsearch.ElasticsearchAutoConfiguration$$EnhancerBySpringCGLIB$$227ba3bd.elasticsearchClient(<generated>)
	at sun.reflect.NativeMethodAccessorImpl.invoke0(Native Method)
	at sun.reflect.NativeMethodAccessorImpl.invoke(Unknown Source)
	at sun.reflect.DelegatingMethodAccessorImpl.invoke(Unknown Source)
	at java.lang.reflect.Method.invoke(Unknown Source)
	at org.springframework.beans.factory.support.SimpleInstantiationStrategy.instantiate(SimpleInstantiationStrategy.java:162)
	at org.springframework.beans.factory.support.ConstructorResolver.instantiateUsingFactoryMethod(ConstructorResolver.java:588)
	at org.springframework.beans.factory.support.AbstractAutowireCapableBeanFactory.instantiateUsingFactoryMethod(AbstractAutowireCapableBeanFactory.java:1173)
	at org.springframework.beans.factory.support.AbstractAutowireCapableBeanFactory.createBeanInstance(AbstractAutowireCapableBeanFactory.java:1067)
	at org.springframework.beans.factory.support.AbstractAutowireCapableBeanFactory.doCreateBean(AbstractAutowireCapableBeanFactory.java:513)
	at org.springframework.beans.factory.support.AbstractAutowireCapableBeanFactory.createBean(AbstractAutowireCapableBeanFactory.java:483)
	at org.springframework.beans.factory.support.AbstractBeanFactory$1.getObject(AbstractBeanFactory.java:306)
	at org.springframework.beans.factory.support.DefaultSingletonBeanRegistry.getSingleton(DefaultSingletonBeanRegistry.java:230)
	at org.springframework.beans.factory.support.AbstractBeanFactory.doGetBean(AbstractBeanFactory.java:302)
	at org.springframework.beans.factory.support.AbstractBeanFactory.getBean(AbstractBeanFactory.java:202)
	at org.springframework.beans.factory.config.DependencyDescriptor.resolveCandidate(DependencyDescriptor.java:208)
	at org.springframework.beans.factory.support.DefaultListableBeanFactory.doResolveDependency(DefaultListableBeanFactory.java:1138)
	at org.springframework.beans.factory.support.DefaultListableBeanFactory.resolveDependency(DefaultListableBeanFactory.java:1066)
	at org.springframework.beans.factory.support.ConstructorResolver.resolveAutowiredArgument(ConstructorResolver.java:835)
	at org.springframework.beans.factory.support.ConstructorResolver.createArgumentArray(ConstructorResolver.java:741)
	at org.springframework.beans.factory.support.ConstructorResolver.instantiateUsingFactoryMethod(ConstructorResolver.java:467)
	at org.springframework.beans.factory.support.AbstractAutowireCapableBeanFactory.instantiateUsingFactoryMethod(AbstractAutowireCapableBeanFactory.java:1173)
	at org.springframework.beans.factory.support.AbstractAutowireCapableBeanFactory.createBeanInstance(AbstractAutowireCapableBeanFactory.java:1067)
	at org.springframework.beans.factory.support.AbstractAutowireCapableBeanFactory.doCreateBean(AbstractAutowireCapableBeanFactory.java:513)
	at org.springframework.beans.factory.support.AbstractAutowireCapableBeanFactory.createBean(AbstractAutowireCapableBeanFactory.java:483)
	at org.springframework.beans.factory.support.AbstractBeanFactory$1.getObject(AbstractBeanFactory.java:306)
	at org.springframework.beans.factory.support.DefaultSingletonBeanRegistry.getSingleton(DefaultSingletonBeanRegistry.java:230)
	at org.springframework.beans.factory.support.AbstractBeanFactory.doGetBean(AbstractBeanFactory.java:302)
	at org.springframework.beans.factory.support.AbstractBeanFactory.getBean(AbstractBeanFactory.java:197)
	at org.springframework.beans.factory.support.BeanDefinitionValueResolver.resolveReference(BeanDefinitionValueResolver.java:351)
	at org.springframework.beans.factory.support.BeanDefinitionValueResolver.resolveValueIfNecessary(BeanDefinitionValueResolver.java:108)
	at org.springframework.beans.factory.support.AbstractAutowireCapableBeanFactory.applyPropertyValues(AbstractAutowireCapableBeanFactory.java:1531)
	at org.springframework.beans.factory.support.AbstractAutowireCapableBeanFactory.populateBean(AbstractAutowireCapableBeanFactory.java:1276)
	at org.springframework.beans.factory.support.AbstractAutowireCapableBeanFactory.doCreateBean(AbstractAutowireCapableBeanFactory.java:553)
	at org.springframework.beans.factory.support.AbstractAutowireCapableBeanFactory.createBean(AbstractAutowireCapableBeanFactory.java:483)
	at org.springframework.beans.factory.support.AbstractBeanFactory$1.getObject(AbstractBeanFactory.java:306)
	at org.springframework.beans.factory.support.DefaultSingletonBeanRegistry.getSingleton(DefaultSingletonBeanRegistry.java:230)
	at org.springframework.beans.factory.support.AbstractBeanFactory.doGetBean(AbstractBeanFactory.java:302)
	at org.springframework.beans.factory.support.AbstractBeanFactory.getBean(AbstractBeanFactory.java:202)
	at org.springframework.context.support.AbstractApplicationContext.getBean(AbstractApplicationContext.java:1087)
	at org.springframework.data.repository.support.Repositories.cacheRepositoryFactory(Repositories.java:95)
	at org.springframework.data.repository.support.Repositories.populateRepositoryFactoryInformation(Repositories.java:88)
	at org.springframework.data.repository.support.Repositories.<init>(Repositories.java:81)
	at org.springframework.data.repository.support.DomainClassConverter.setApplicationContext(DomainClassConverter.java:98)
	at org.springframework.data.web.config.SpringDataWebConfiguration.addFormatters(SpringDataWebConfiguration.java:94)
	at org.springframework.web.servlet.config.annotation.WebMvcConfigurerComposite.addFormatters(WebMvcConfigurerComposite.java:80)
	at org.springframework.web.servlet.config.annotation.DelegatingWebMvcConfiguration.addFormatters(DelegatingWebMvcConfiguration.java:77)
	at org.springframework.web.servlet.config.annotation.WebMvcConfigurationSupport.mvcConversionService(WebMvcConfigurationSupport.java:594)
	at org.springframework.boot.autoconfigure.web.WebMvcAutoConfiguration$EnableWebMvcConfiguration$$EnhancerBySpringCGLIB$$aec0248e.CGLIB$mvcConversionService$36(<generated>)
	at org.springframework.boot.autoconfigure.web.WebMvcAutoConfiguration$EnableWebMvcConfiguration$$EnhancerBySpringCGLIB$$aec0248e$$FastClassBySpringCGLIB$$3a0f1655.invoke(<generated>)
	at org.springframework.cglib.proxy.MethodProxy.invokeSuper(MethodProxy.java:228)
	at org.springframework.context.annotation.ConfigurationClassEnhancer$BeanMethodInterceptor.intercept(ConfigurationClassEnhancer.java:358)
	at org.springframework.boot.autoconfigure.web.WebMvcAutoConfiguration$EnableWebMvcConfiguration$$EnhancerBySpringCGLIB$$aec0248e.mvcConversionService(<generated>)
	at sun.reflect.NativeMethodAccessorImpl.invoke0(Native Method)
	at sun.reflect.NativeMethodAccessorImpl.invoke(Unknown Source)
	at sun.reflect.DelegatingMethodAccessorImpl.invoke(Unknown Source)
	at java.lang.reflect.Method.invoke(Unknown Source)
	at org.springframework.beans.factory.support.SimpleInstantiationStrategy.instantiate(SimpleInstantiationStrategy.java:162)
	at org.springframework.beans.factory.support.ConstructorResolver.instantiateUsingFactoryMethod(ConstructorResolver.java:588)
	at org.springframework.beans.factory.support.AbstractAutowireCapableBeanFactory.instantiateUsingFactoryMethod(AbstractAutowireCapableBeanFactory.java:1173)
	at org.springframework.beans.factory.support.AbstractAutowireCapableBeanFactory.createBeanInstance(AbstractAutowireCapableBeanFactory.java:1067)
	at org.springframework.beans.factory.support.AbstractAutowireCapableBeanFactory.doCreateBean(AbstractAutowireCapableBeanFactory.java:513)
	at org.springframework.beans.factory.support.AbstractAutowireCapableBeanFactory.createBean(AbstractAutowireCapableBeanFactory.java:483)
	at org.springframework.beans.factory.support.AbstractBeanFactory$1.getObject(AbstractBeanFactory.java:306)
	at org.springframework.beans.factory.support.DefaultSingletonBeanRegistry.getSingleton(DefaultSingletonBeanRegistry.java:230)
	at org.springframework.beans.factory.support.AbstractBeanFactory.doGetBean(AbstractBeanFactory.java:302)
	at org.springframework.beans.factory.support.AbstractBeanFactory.getBean(AbstractBeanFactory.java:197)
	at org.springframework.context.annotation.ConfigurationClassEnhancer$BeanMethodInterceptor.obtainBeanInstanceFromFactory(ConfigurationClassEnhancer.java:389)
	at org.springframework.context.annotation.ConfigurationClassEnhancer$BeanMethodInterceptor.intercept(ConfigurationClassEnhancer.java:361)
	at org.springframework.boot.autoconfigure.web.WebMvcAutoConfiguration$EnableWebMvcConfiguration$$EnhancerBySpringCGLIB$$aec0248e.mvcConversionService(<generated>)
	at org.springframework.web.servlet.config.annotation.WebMvcConfigurationSupport.getConfigurableWebBindingInitializer(WebMvcConfigurationSupport.java:566)
	at org.springframework.boot.autoconfigure.web.WebMvcAutoConfiguration$EnableWebMvcConfiguration.getConfigurableWebBindingInitializer(WebMvcAutoConfiguration.java:447)
	at org.springframework.web.servlet.config.annotation.WebMvcConfigurationSupport.requestMappingHandlerAdapter(WebMvcConfigurationSupport.java:526)
	at org.springframework.boot.autoconfigure.web.WebMvcAutoConfiguration$EnableWebMvcConfiguration.requestMappingHandlerAdapter(WebMvcAutoConfiguration.java:402)
	at org.springframework.boot.autoconfigure.web.WebMvcAutoConfiguration$EnableWebMvcConfiguration$$EnhancerBySpringCGLIB$$aec0248e.CGLIB$requestMappingHandlerAdapter$8(<generated>)
	at org.springframework.boot.autoconfigure.web.WebMvcAutoConfiguration$EnableWebMvcConfiguration$$EnhancerBySpringCGLIB$$aec0248e$$FastClassBySpringCGLIB$$3a0f1655.invoke(<generated>)
	at org.springframework.cglib.proxy.MethodProxy.invokeSuper(MethodProxy.java:228)
	at org.springframework.context.annotation.ConfigurationClassEnhancer$BeanMethodInterceptor.intercept(ConfigurationClassEnhancer.java:358)
	at org.springframework.boot.autoconfigure.web.WebMvcAutoConfiguration$EnableWebMvcConfiguration$$EnhancerBySpringCGLIB$$aec0248e.requestMappingHandlerAdapter(<generated>)
	at sun.reflect.NativeMethodAccessorImpl.invoke0(Native Method)
	at sun.reflect.NativeMethodAccessorImpl.invoke(Unknown Source)
	at sun.reflect.DelegatingMethodAccessorImpl.invoke(Unknown Source)
	at java.lang.reflect.Method.invoke(Unknown Source)
	at org.springframework.beans.factory.support.SimpleInstantiationStrategy.instantiate(SimpleInstantiationStrategy.java:162)
	at org.springframework.beans.factory.support.ConstructorResolver.instantiateUsingFactoryMethod(ConstructorResolver.java:588)
	at org.springframework.beans.factory.support.AbstractAutowireCapableBeanFactory.instantiateUsingFactoryMethod(AbstractAutowireCapableBeanFactory.java:1173)
	at org.springframework.beans.factory.support.AbstractAutowireCapableBeanFactory.createBeanInstance(AbstractAutowireCapableBeanFactory.java:1067)
	at org.springframework.beans.factory.support.AbstractAutowireCapableBeanFactory.doCreateBean(AbstractAutowireCapableBeanFactory.java:513)
	at org.springframework.beans.factory.support.AbstractAutowireCapableBeanFactory.createBean(AbstractAutowireCapableBeanFactory.java:483)
	at org.springframework.beans.factory.support.AbstractBeanFactory$1.getObject(AbstractBeanFactory.java:306)
	at org.springframework.beans.factory.support.DefaultSingletonBeanRegistry.getSingleton(DefaultSingletonBeanRegistry.java:230)
	at org.springframework.beans.factory.support.AbstractBeanFactory.doGetBean(AbstractBeanFactory.java:302)
	at org.springframework.beans.factory.support.AbstractBeanFactory.getBean(AbstractBeanFactory.java:197)
	at org.springframework.beans.factory.support.DefaultListableBeanFactory.preInstantiateSingletons(DefaultListableBeanFactory.java:761)
	at org.springframework.context.support.AbstractApplicationContext.finishBeanFactoryInitialization(AbstractApplicationContext.java:866)
	at org.springframework.context.support.AbstractApplicationContext.refresh(AbstractApplicationContext.java:542)
	at org.springframework.boot.SpringApplication.refresh(SpringApplication.java:737)
	at org.springframework.boot.SpringApplication.refreshContext(SpringApplication.java:370)
	at org.springframework.boot.SpringApplication.run(SpringApplication.java:314)
	at org.springframework.boot.test.context.SpringBootContextLoader.loadContext(SpringBootContextLoader.java:120)
	at org.springframework.test.context.cache.DefaultCacheAwareContextLoaderDelegate.loadContextInternal(DefaultCacheAwareContextLoaderDelegate.java:98)
	at org.springframework.test.context.cache.DefaultCacheAwareContextLoaderDelegate.loadContext(DefaultCacheAwareContextLoaderDelegate.java:116)
	at org.springframework.test.context.support.DefaultTestContext.getApplicationContext(DefaultTestContext.java:83)
	at org.springframework.test.context.web.ServletTestExecutionListener.setUpRequestContextIfNecessary(ServletTestExecutionListener.java:189)
	at org.springframework.test.context.web.ServletTestExecutionListener.prepareTestInstance(ServletTestExecutionListener.java:131)
	at org.springframework.test.context.TestContextManager.prepareTestInstance(TestContextManager.java:230)
	at org.springframework.test.context.junit4.SpringJUnit4ClassRunner.createTest(SpringJUnit4ClassRunner.java:228)
	at org.springframework.test.context.junit4.SpringJUnit4ClassRunner$1.runReflectiveCall(SpringJUnit4ClassRunner.java:287)
	at org.junit.internal.runners.model.ReflectiveCallable.run(ReflectiveCallable.java:12)
	at org.springframework.test.context.junit4.SpringJUnit4ClassRunner.methodBlock(SpringJUnit4ClassRunner.java:289)
	at org.springframework.test.context.junit4.SpringJUnit4ClassRunner.runChild(SpringJUnit4ClassRunner.java:247)
	at org.springframework.test.context.junit4.SpringJUnit4ClassRunner.runChild(SpringJUnit4ClassRunner.java:94)
	at org.junit.runners.ParentRunner$3.run(ParentRunner.java:290)
	at org.junit.runners.ParentRunner$1.schedule(ParentRunner.java:71)
	at org.junit.runners.ParentRunner.runChildren(ParentRunner.java:288)
	at org.junit.runners.ParentRunner.access$000(ParentRunner.java:58)
	at org.junit.runners.ParentRunner$2.evaluate(ParentRunner.java:268)
	at org.springframework.test.context.junit4.statements.RunBeforeTestClassCallbacks.evaluate(RunBeforeTestClassCallbacks.java:61)
	at org.springframework.test.context.junit4.statements.RunAfterTestClassCallbacks.evaluate(RunAfterTestClassCallbacks.java:70)
	at org.junit.runners.ParentRunner.run(ParentRunner.java:363)
	at org.springframework.test.context.junit4.SpringJUnit4ClassRunner.run(SpringJUnit4ClassRunner.java:191)
	at org.eclipse.jdt.internal.junit4.runner.JUnit4TestReference.run(JUnit4TestReference.java:86)
	at org.eclipse.jdt.internal.junit.runner.TestExecution.run(TestExecution.java:38)
	at org.eclipse.jdt.internal.junit.runner.RemoteTestRunner.runTests(RemoteTestRunner.java:538)
	at org.eclipse.jdt.internal.junit.runner.RemoteTestRunner.runTests(RemoteTestRunner.java:760)
	at org.eclipse.jdt.internal.junit.runner.RemoteTestRunner.run(RemoteTestRunner.java:460)
	at org.eclipse.jdt.internal.junit.runner.RemoteTestRunner.main(RemoteTestRunner.java:206)
2019-08-16 12:10:10.676 [elasticsearch[Heimdall][generic][T#1]] WARN  org.elasticsearch.client.transport - [Heimdall] node {#transport#-1}{192.168.56.135}{192.168.56.135:9300} not part of the cluster Cluster [es], ignoring...
2019-08-16 12:10:15.680 [elasticsearch[Heimdall][generic][T#1]] WARN  org.elasticsearch.client.transport - [Heimdall] node {#transport#-1}{192.168.56.135}{192.168.56.135:9300} not part of the cluster Cluster [es], ignoring...
2019-08-16 12:10:20.683 [elasticsearch[Heimdall][generic][T#1]] WARN  org.elasticsearch.client.transport - [Heimdall] node {#transport#-1}{192.168.56.135}{192.168.56.135:9300} not part of the cluster Cluster [es], ignoring...
2019-08-16 12:10:25.692 [elasticsearch[Heimdall][generic][T#1]] WARN  org.elasticsearch.client.transport - [Heimdall] node {#transport#-1}{192.168.56.135}{192.168.56.135:9300} not part of the cluster Cluster [es], ignoring...
2019-08-16 12:10:30.698 [elasticsearch[Heimdall][generic][T#1]] WARN  org.elasticsearch.client.transport - [Heimdall] node {#transport#-1}{192.168.56.135}{192.168.56.135:9300} not part of the cluster Cluster [es], ignoring...
2019-08-16 12:10:35.702 [elasticsearch[Heimdall][generic][T#1]] WARN  org.elasticsearch.client.transport - [Heimdall] node {#transport#-1}{192.168.56.135}{192.168.56.135:9300} not part of the cluster Cluster [es], ignoring...
2019-08-16 12:10:40.705 [elasticsearch[Heimdall][generic][T#1]] WARN  org.elasticsearch.client.transport - [Heimdall] node {#transport#-1}{192.168.56.135}{192.168.56.135:9300} not part of the cluster Cluster [es], ignoring...
2019-08-16 12:10:44.257 [main] WARN  org.elasticsearch.client.transport - [Vermin] node {#transport#-1}{192.168.56.135}{192.168.56.135:9300} not part of the cluster Cluster [es], ignoring...
2019-08-16 12:10:45.711 [elasticsearch[Heimdall][generic][T#1]] WARN  org.elasticsearch.client.transport - [Heimdall] node {#transport#-1}{192.168.56.135}{192.168.56.135:9300} not part of the cluster Cluster [es], ignoring...
2019-08-16 12:10:50.716 [elasticsearch[Heimdall][generic][T#1]] WARN  org.elasticsearch.client.transport - [Heimdall] node {#transport#-1}{192.168.56.135}{192.168.56.135:9300} not part of the cluster Cluster [es], ignoring...
2019-08-16 12:10:55.718 [elasticsearch[Heimdall][generic][T#1]] WARN  org.elasticsearch.client.transport - [Heimdall] node {#transport#-1}{192.168.56.135}{192.168.56.135:9300} not part of the cluster Cluster [es], ignoring...
2019-08-16 12:11:00.724 [elasticsearch[Heimdall][generic][T#1]] WARN  org.elasticsearch.client.transport - [Heimdall] node {#transport#-1}{192.168.56.135}{192.168.56.135:9300} not part of the cluster Cluster [es], ignoring...
2019-08-16 12:11:05.729 [elasticsearch[Heimdall][generic][T#1]] WARN  org.elasticsearch.client.transport - [Heimdall] node {#transport#-1}{192.168.56.135}{192.168.56.135:9300} not part of the cluster Cluster [es], ignoring...
2019-08-16 12:11:10.730 [elasticsearch[Heimdall][generic][T#1]] WARN  org.elasticsearch.client.transport - [Heimdall] node {#transport#-1}{192.168.56.135}{192.168.56.135:9300} not part of the cluster Cluster [es], ignoring...
2019-08-16 12:11:15.735 [elasticsearch[Heimdall][generic][T#1]] WARN  org.elasticsearch.client.transport - [Heimdall] node {#transport#-1}{192.168.56.135}{192.168.56.135:9300} not part of the cluster Cluster [es], ignoring...
2019-08-16 12:11:20.739 [elasticsearch[Heimdall][generic][T#1]] WARN  org.elasticsearch.client.transport - [Heimdall] node {#transport#-1}{192.168.56.135}{192.168.56.135:9300} not part of the cluster Cluster [es], ignoring...
2019-08-16 12:11:25.745 [elasticsearch[Heimdall][generic][T#1]] WARN  org.elasticsearch.client.transport - [Heimdall] node {#transport#-1}{192.168.56.135}{192.168.56.135:9300} not part of the cluster Cluster [es], ignoring...
2019-08-16 12:11:30.750 [elasticsearch[Heimdall][generic][T#1]] WARN  org.elasticsearch.client.transport - [Heimdall] node {#transport#-1}{192.168.56.135}{192.168.56.135:9300} not part of the cluster Cluster [es], ignoring...
2019-08-16 12:11:35.752 [elasticsearch[Heimdall][generic][T#1]] WARN  org.elasticsearch.client.transport - [Heimdall] node {#transport#-1}{192.168.56.135}{192.168.56.135:9300} not part of the cluster Cluster [es], ignoring...
2019-08-16 12:11:40.754 [elasticsearch[Heimdall][generic][T#1]] WARN  org.elasticsearch.client.transport - [Heimdall] node {#transport#-1}{192.168.56.135}{192.168.56.135:9300} not part of the cluster Cluster [es], ignoring...
2019-08-16 12:11:45.758 [elasticsearch[Heimdall][generic][T#1]] WARN  org.elasticsearch.client.transport - [Heimdall] node {#transport#-1}{192.168.56.135}{192.168.56.135:9300} not part of the cluster Cluster [es], ignoring...
2019-08-16 12:11:50.763 [elasticsearch[Heimdall][generic][T#1]] WARN  org.elasticsearch.client.transport - [Heimdall] node {#transport#-1}{192.168.56.135}{192.168.56.135:9300} not part of the cluster Cluster [es], ignoring...
2019-08-16 12:11:55.768 [elasticsearch[Heimdall][generic][T#1]] WARN  org.elasticsearch.client.transport - [Heimdall] node {#transport#-1}{192.168.56.135}{192.168.56.135:9300} not part of the cluster Cluster [es], ignoring...
2019-08-16 12:12:00.774 [elasticsearch[Heimdall][generic][T#1]] WARN  org.elasticsearch.client.transport - [Heimdall] node {#transport#-1}{192.168.56.135}{192.168.56.135:9300} not part of the cluster Cluster [es], ignoring...
2019-08-16 12:12:05.775 [elasticsearch[Heimdall][generic][T#1]] WARN  org.elasticsearch.client.transport - [Heimdall] node {#transport#-1}{192.168.56.135}{192.168.56.135:9300} not part of the cluster Cluster [es], ignoring...
2019-08-16 12:12:10.778 [elasticsearch[Heimdall][generic][T#1]] WARN  org.elasticsearch.client.transport - [Heimdall] node {#transport#-1}{192.168.56.135}{192.168.56.135:9300} not part of the cluster Cluster [es], ignoring...
2019-08-16 12:12:15.781 [elasticsearch[Heimdall][generic][T#1]] WARN  org.elasticsearch.client.transport - [Heimdall] node {#transport#-1}{192.168.56.135}{192.168.56.135:9300} not part of the cluster Cluster [es], ignoring...
2019-08-16 12:12:20.788 [elasticsearch[Heimdall][generic][T#1]] WARN  org.elasticsearch.client.transport - [Heimdall] node {#transport#-1}{192.168.56.135}{192.168.56.135:9300} not part of the cluster Cluster [es], ignoring...
2019-08-16 12:12:25.791 [elasticsearch[Heimdall][generic][T#1]] WARN  org.elasticsearch.client.transport - [Heimdall] node {#transport#-1}{192.168.56.135}{192.168.56.135:9300} not part of the cluster Cluster [es], ignoring...
2019-08-16 12:12:30.792 [elasticsearch[Heimdall][generic][T#1]] WARN  org.elasticsearch.client.transport - [Heimdall] node {#transport#-1}{192.168.56.135}{192.168.56.135:9300} not part of the cluster Cluster [es], ignoring...
2019-08-16 12:12:35.796 [elasticsearch[Heimdall][generic][T#1]] WARN  org.elasticsearch.client.transport - [Heimdall] node {#transport#-1}{192.168.56.135}{192.168.56.135:9300} not part of the cluster Cluster [es], ignoring...
2019-08-16 12:12:40.801 [elasticsearch[Heimdall][generic][T#1]] WARN  org.elasticsearch.client.transport - [Heimdall] node {#transport#-1}{192.168.56.135}{192.168.56.135:9300} not part of the cluster Cluster [es], ignoring...
2019-08-16 12:12:45.804 [elasticsearch[Heimdall][generic][T#1]] WARN  org.elasticsearch.client.transport - [Heimdall] node {#transport#-1}{192.168.56.135}{192.168.56.135:9300} not part of the cluster Cluster [es], ignoring...
2019-08-16 12:12:50.810 [elasticsearch[Heimdall][generic][T#1]] WARN  org.elasticsearch.client.transport - [Heimdall] node {#transport#-1}{192.168.56.135}{192.168.56.135:9300} not part of the cluster Cluster [es], ignoring...
2019-08-16 12:12:55.813 [elasticsearch[Heimdall][generic][T#1]] WARN  org.elasticsearch.client.transport - [Heimdall] node {#transport#-1}{192.168.56.135}{192.168.56.135:9300} not part of the cluster Cluster [es], ignoring...
2019-08-16 12:13:00.819 [elasticsearch[Heimdall][generic][T#1]] WARN  org.elasticsearch.client.transport - [Heimdall] node {#transport#-1}{192.168.56.135}{192.168.56.135:9300} not part of the cluster Cluster [es], ignoring...
2019-08-16 12:13:05.824 [elasticsearch[Heimdall][generic][T#1]] WARN  org.elasticsearch.client.transport - [Heimdall] node {#transport#-1}{192.168.56.135}{192.168.56.135:9300} not part of the cluster Cluster [es], ignoring...
2019-08-16 12:13:10.828 [elasticsearch[Heimdall][generic][T#1]] WARN  org.elasticsearch.client.transport - [Heimdall] node {#transport#-1}{192.168.56.135}{192.168.56.135:9300} not part of the cluster Cluster [es], ignoring...
2019-08-16 12:13:15.831 [elasticsearch[Heimdall][generic][T#1]] WARN  org.elasticsearch.client.transport - [Heimdall] node {#transport#-1}{192.168.56.135}{192.168.56.135:9300} not part of the cluster Cluster [es], ignoring...
2019-08-16 12:13:20.835 [elasticsearch[Heimdall][generic][T#1]] WARN  org.elasticsearch.client.transport - [Heimdall] node {#transport#-1}{192.168.56.135}{192.168.56.135:9300} not part of the cluster Cluster [es], ignoring...
2019-08-16 12:13:25.850 [elasticsearch[Heimdall][generic][T#1]] WARN  org.elasticsearch.client.transport - [Heimdall] node {#transport#-1}{192.168.56.135}{192.168.56.135:9300} not part of the cluster Cluster [es], ignoring...
2019-08-16 12:13:30.855 [elasticsearch[Heimdall][generic][T#1]] WARN  org.elasticsearch.client.transport - [Heimdall] node {#transport#-1}{192.168.56.135}{192.168.56.135:9300} not part of the cluster Cluster [es], ignoring...
2019-08-16 12:13:35.858 [elasticsearch[Heimdall][generic][T#1]] WARN  org.elasticsearch.client.transport - [Heimdall] node {#transport#-1}{192.168.56.135}{192.168.56.135:9300} not part of the cluster Cluster [es], ignoring...
2019-08-16 12:13:40.863 [elasticsearch[Heimdall][generic][T#1]] WARN  org.elasticsearch.client.transport - [Heimdall] node {#transport#-1}{192.168.56.135}{192.168.56.135:9300} not part of the cluster Cluster [es], ignoring...
2019-08-16 12:13:45.878 [elasticsearch[Heimdall][generic][T#1]] WARN  org.elasticsearch.client.transport - [Heimdall] node {#transport#-1}{192.168.56.135}{192.168.56.135:9300} not part of the cluster Cluster [es], ignoring...
2019-08-16 12:13:50.897 [elasticsearch[Heimdall][generic][T#1]] WARN  org.elasticsearch.client.transport - [Heimdall] node {#transport#-1}{192.168.56.135}{192.168.56.135:9300} not part of the cluster Cluster [es], ignoring...
2019-08-16 12:13:55.901 [elasticsearch[Heimdall][generic][T#1]] WARN  org.elasticsearch.client.transport - [Heimdall] node {#transport#-1}{192.168.56.135}{192.168.56.135:9300} not part of the cluster Cluster [es], ignoring...
2019-08-16 12:14:00.904 [elasticsearch[Heimdall][generic][T#1]] WARN  org.elasticsearch.client.transport - [Heimdall] node {#transport#-1}{192.168.56.135}{192.168.56.135:9300} not part of the cluster Cluster [es], ignoring...
2019-08-16 12:14:05.908 [elasticsearch[Heimdall][generic][T#1]] WARN  org.elasticsearch.client.transport - [Heimdall] node {#transport#-1}{192.168.56.135}{192.168.56.135:9300} not part of the cluster Cluster [es], ignoring...
2019-08-16 12:14:10.910 [elasticsearch[Heimdall][generic][T#1]] WARN  org.elasticsearch.client.transport - [Heimdall] node {#transport#-1}{192.168.56.135}{192.168.56.135:9300} not part of the cluster Cluster [es], ignoring...
2019-08-16 12:14:15.915 [elasticsearch[Heimdall][generic][T#1]] WARN  org.elasticsearch.client.transport - [Heimdall] node {#transport#-1}{192.168.56.135}{192.168.56.135:9300} not part of the cluster Cluster [es], ignoring...
2019-08-16 12:14:20.919 [elasticsearch[Heimdall][generic][T#1]] WARN  org.elasticsearch.client.transport - [Heimdall] node {#transport#-1}{192.168.56.135}{192.168.56.135:9300} not part of the cluster Cluster [es], ignoring...
2019-08-16 12:14:25.921 [elasticsearch[Heimdall][generic][T#1]] WARN  org.elasticsearch.client.transport - [Heimdall] node {#transport#-1}{192.168.56.135}{192.168.56.135:9300} not part of the cluster Cluster [es], ignoring...
2019-08-16 12:14:30.928 [elasticsearch[Heimdall][generic][T#1]] WARN  org.elasticsearch.client.transport - [Heimdall] node {#transport#-1}{192.168.56.135}{192.168.56.135:9300} not part of the cluster Cluster [es], ignoring...
2019-08-16 12:14:35.930 [elasticsearch[Heimdall][generic][T#1]] WARN  org.elasticsearch.client.transport - [Heimdall] node {#transport#-1}{192.168.56.135}{192.168.56.135:9300} not part of the cluster Cluster [es], ignoring...
2019-08-16 12:14:40.933 [elasticsearch[Heimdall][generic][T#1]] WARN  org.elasticsearch.client.transport - [Heimdall] node {#transport#-1}{192.168.56.135}{192.168.56.135:9300} not part of the cluster Cluster [es], ignoring...
2019-08-16 12:14:54.161 [main] WARN  org.elasticsearch.bootstrap - JNA not found. native methods will be disabled.
java.lang.ClassNotFoundException: com.sun.jna.Native
	at java.net.URLClassLoader.findClass(Unknown Source)
	at java.lang.ClassLoader.loadClass(Unknown Source)
	at sun.misc.Launcher$AppClassLoader.loadClass(Unknown Source)
	at java.lang.ClassLoader.loadClass(Unknown Source)
	at java.lang.Class.forName0(Native Method)
	at java.lang.Class.forName(Unknown Source)
	at org.elasticsearch.bootstrap.Natives.<clinit>(Natives.java:45)
	at org.elasticsearch.bootstrap.BootstrapInfo.isMemoryLocked(BootstrapInfo.java:44)
	at org.elasticsearch.monitor.process.ProcessProbe.processInfo(ProcessProbe.java:130)
	at org.elasticsearch.monitor.process.ProcessService.<init>(ProcessService.java:44)
	at sun.reflect.NativeConstructorAccessorImpl.newInstance0(Native Method)
	at sun.reflect.NativeConstructorAccessorImpl.newInstance(Unknown Source)
	at sun.reflect.DelegatingConstructorAccessorImpl.newInstance(Unknown Source)
	at java.lang.reflect.Constructor.newInstance(Unknown Source)
	at org.elasticsearch.common.inject.DefaultConstructionProxyFactory$1.newInstance(DefaultConstructionProxyFactory.java:50)
	at org.elasticsearch.common.inject.ConstructorInjector.construct(ConstructorInjector.java:86)
	at org.elasticsearch.common.inject.ConstructorBindingImpl$Factory.get(ConstructorBindingImpl.java:104)
	at org.elasticsearch.common.inject.ProviderToInternalFactoryAdapter$1.call(ProviderToInternalFactoryAdapter.java:47)
	at org.elasticsearch.common.inject.InjectorImpl.callInContext(InjectorImpl.java:886)
	at org.elasticsearch.common.inject.ProviderToInternalFactoryAdapter.get(ProviderToInternalFactoryAdapter.java:43)
	at org.elasticsearch.common.inject.Scopes$1$1.get(Scopes.java:59)
	at org.elasticsearch.common.inject.InternalFactoryToProviderAdapter.get(InternalFactoryToProviderAdapter.java:46)
	at org.elasticsearch.common.inject.SingleParameterInjector.inject(SingleParameterInjector.java:42)
	at org.elasticsearch.common.inject.SingleParameterInjector.getAll(SingleParameterInjector.java:66)
	at org.elasticsearch.common.inject.ConstructorInjector.construct(ConstructorInjector.java:85)
	at org.elasticsearch.common.inject.ConstructorBindingImpl$Factory.get(ConstructorBindingImpl.java:104)
	at org.elasticsearch.common.inject.SingleParameterInjector.inject(SingleParameterInjector.java:42)
	at org.elasticsearch.common.inject.SingleParameterInjector.getAll(SingleParameterInjector.java:66)
	at org.elasticsearch.common.inject.ConstructorInjector.construct(ConstructorInjector.java:85)
	at org.elasticsearch.common.inject.ConstructorBindingImpl$Factory.get(ConstructorBindingImpl.java:104)
	at org.elasticsearch.common.inject.ProviderToInternalFactoryAdapter$1.call(ProviderToInternalFactoryAdapter.java:47)
	at org.elasticsearch.common.inject.InjectorImpl.callInContext(InjectorImpl.java:886)
	at org.elasticsearch.common.inject.ProviderToInternalFactoryAdapter.get(ProviderToInternalFactoryAdapter.java:43)
	at org.elasticsearch.common.inject.Scopes$1$1.get(Scopes.java:59)
	at org.elasticsearch.common.inject.InternalFactoryToProviderAdapter.get(InternalFactoryToProviderAdapter.java:46)
	at org.elasticsearch.common.inject.InjectorBuilder$1.call(InjectorBuilder.java:201)
	at org.elasticsearch.common.inject.InjectorBuilder$1.call(InjectorBuilder.java:193)
	at org.elasticsearch.common.inject.InjectorImpl.callInContext(InjectorImpl.java:879)
	at org.elasticsearch.common.inject.InjectorBuilder.loadEagerSingletons(InjectorBuilder.java:193)
	at org.elasticsearch.common.inject.InjectorBuilder.injectDynamically(InjectorBuilder.java:175)
	at org.elasticsearch.common.inject.InjectorBuilder.build(InjectorBuilder.java:110)
	at org.elasticsearch.common.inject.Guice.createInjector(Guice.java:93)
	at org.elasticsearch.common.inject.Guice.createInjector(Guice.java:70)
	at org.elasticsearch.common.inject.ModulesBuilder.createInjector(ModulesBuilder.java:46)
	at org.elasticsearch.node.Node.<init>(Node.java:213)
	at org.elasticsearch.node.Node.<init>(Node.java:140)
	at org.elasticsearch.node.NodeBuilder.build(NodeBuilder.java:143)
	at org.elasticsearch.node.NodeBuilder.node(NodeBuilder.java:150)
	at org.springframework.boot.autoconfigure.data.elasticsearch.ElasticsearchAutoConfiguration.createNodeClient(ElasticsearchAutoConfiguration.java:107)
	at org.springframework.boot.autoconfigure.data.elasticsearch.ElasticsearchAutoConfiguration.createClient(ElasticsearchAutoConfiguration.java:95)
	at org.springframework.boot.autoconfigure.data.elasticsearch.ElasticsearchAutoConfiguration.elasticsearchClient(ElasticsearchAutoConfiguration.java:84)
	at org.springframework.boot.autoconfigure.data.elasticsearch.ElasticsearchAutoConfiguration$$EnhancerBySpringCGLIB$$40a0ea29.CGLIB$elasticsearchClient$1(<generated>)
	at org.springframework.boot.autoconfigure.data.elasticsearch.ElasticsearchAutoConfiguration$$EnhancerBySpringCGLIB$$40a0ea29$$FastClassBySpringCGLIB$$d5a271f4.invoke(<generated>)
	at org.springframework.cglib.proxy.MethodProxy.invokeSuper(MethodProxy.java:228)
	at org.springframework.context.annotation.ConfigurationClassEnhancer$BeanMethodInterceptor.intercept(ConfigurationClassEnhancer.java:358)
	at org.springframework.boot.autoconfigure.data.elasticsearch.ElasticsearchAutoConfiguration$$EnhancerBySpringCGLIB$$40a0ea29.elasticsearchClient(<generated>)
	at sun.reflect.NativeMethodAccessorImpl.invoke0(Native Method)
	at sun.reflect.NativeMethodAccessorImpl.invoke(Unknown Source)
	at sun.reflect.DelegatingMethodAccessorImpl.invoke(Unknown Source)
	at java.lang.reflect.Method.invoke(Unknown Source)
	at org.springframework.beans.factory.support.SimpleInstantiationStrategy.instantiate(SimpleInstantiationStrategy.java:162)
	at org.springframework.beans.factory.support.ConstructorResolver.instantiateUsingFactoryMethod(ConstructorResolver.java:588)
	at org.springframework.beans.factory.support.AbstractAutowireCapableBeanFactory.instantiateUsingFactoryMethod(AbstractAutowireCapableBeanFactory.java:1173)
	at org.springframework.beans.factory.support.AbstractAutowireCapableBeanFactory.createBeanInstance(AbstractAutowireCapableBeanFactory.java:1067)
	at org.springframework.beans.factory.support.AbstractAutowireCapableBeanFactory.doCreateBean(AbstractAutowireCapableBeanFactory.java:513)
	at org.springframework.beans.factory.support.AbstractAutowireCapableBeanFactory.createBean(AbstractAutowireCapableBeanFactory.java:483)
	at org.springframework.beans.factory.support.AbstractBeanFactory$1.getObject(AbstractBeanFactory.java:306)
	at org.springframework.beans.factory.support.DefaultSingletonBeanRegistry.getSingleton(DefaultSingletonBeanRegistry.java:230)
	at org.springframework.beans.factory.support.AbstractBeanFactory.doGetBean(AbstractBeanFactory.java:302)
	at org.springframework.beans.factory.support.AbstractBeanFactory.getBean(AbstractBeanFactory.java:202)
	at org.springframework.beans.factory.config.DependencyDescriptor.resolveCandidate(DependencyDescriptor.java:208)
	at org.springframework.beans.factory.support.DefaultListableBeanFactory.doResolveDependency(DefaultListableBeanFactory.java:1138)
	at org.springframework.beans.factory.support.DefaultListableBeanFactory.resolveDependency(DefaultListableBeanFactory.java:1066)
	at org.springframework.beans.factory.support.ConstructorResolver.resolveAutowiredArgument(ConstructorResolver.java:835)
	at org.springframework.beans.factory.support.ConstructorResolver.createArgumentArray(ConstructorResolver.java:741)
	at org.springframework.beans.factory.support.ConstructorResolver.instantiateUsingFactoryMethod(ConstructorResolver.java:467)
	at org.springframework.beans.factory.support.AbstractAutowireCapableBeanFactory.instantiateUsingFactoryMethod(AbstractAutowireCapableBeanFactory.java:1173)
	at org.springframework.beans.factory.support.AbstractAutowireCapableBeanFactory.createBeanInstance(AbstractAutowireCapableBeanFactory.java:1067)
	at org.springframework.beans.factory.support.AbstractAutowireCapableBeanFactory.doCreateBean(AbstractAutowireCapableBeanFactory.java:513)
	at org.springframework.beans.factory.support.AbstractAutowireCapableBeanFactory.createBean(AbstractAutowireCapableBeanFactory.java:483)
	at org.springframework.beans.factory.support.AbstractBeanFactory$1.getObject(AbstractBeanFactory.java:306)
	at org.springframework.beans.factory.support.DefaultSingletonBeanRegistry.getSingleton(DefaultSingletonBeanRegistry.java:230)
	at org.springframework.beans.factory.support.AbstractBeanFactory.doGetBean(AbstractBeanFactory.java:302)
	at org.springframework.beans.factory.support.AbstractBeanFactory.getBean(AbstractBeanFactory.java:197)
	at org.springframework.beans.factory.support.BeanDefinitionValueResolver.resolveReference(BeanDefinitionValueResolver.java:351)
	at org.springframework.beans.factory.support.BeanDefinitionValueResolver.resolveValueIfNecessary(BeanDefinitionValueResolver.java:108)
	at org.springframework.beans.factory.support.AbstractAutowireCapableBeanFactory.applyPropertyValues(AbstractAutowireCapableBeanFactory.java:1531)
	at org.springframework.beans.factory.support.AbstractAutowireCapableBeanFactory.populateBean(AbstractAutowireCapableBeanFactory.java:1276)
	at org.springframework.beans.factory.support.AbstractAutowireCapableBeanFactory.doCreateBean(AbstractAutowireCapableBeanFactory.java:553)
	at org.springframework.beans.factory.support.AbstractAutowireCapableBeanFactory.createBean(AbstractAutowireCapableBeanFactory.java:483)
	at org.springframework.beans.factory.support.AbstractBeanFactory$1.getObject(AbstractBeanFactory.java:306)
	at org.springframework.beans.factory.support.DefaultSingletonBeanRegistry.getSingleton(DefaultSingletonBeanRegistry.java:230)
	at org.springframework.beans.factory.support.AbstractBeanFactory.doGetBean(AbstractBeanFactory.java:302)
	at org.springframework.beans.factory.support.AbstractBeanFactory.getBean(AbstractBeanFactory.java:202)
	at org.springframework.context.support.AbstractApplicationContext.getBean(AbstractApplicationContext.java:1087)
	at org.springframework.data.repository.support.Repositories.cacheRepositoryFactory(Repositories.java:95)
	at org.springframework.data.repository.support.Repositories.populateRepositoryFactoryInformation(Repositories.java:88)
	at org.springframework.data.repository.support.Repositories.<init>(Repositories.java:81)
	at org.springframework.data.repository.support.DomainClassConverter.setApplicationContext(DomainClassConverter.java:98)
	at org.springframework.data.web.config.SpringDataWebConfiguration.addFormatters(SpringDataWebConfiguration.java:94)
	at org.springframework.web.servlet.config.annotation.WebMvcConfigurerComposite.addFormatters(WebMvcConfigurerComposite.java:80)
	at org.springframework.web.servlet.config.annotation.DelegatingWebMvcConfiguration.addFormatters(DelegatingWebMvcConfiguration.java:77)
	at org.springframework.web.servlet.config.annotation.WebMvcConfigurationSupport.mvcConversionService(WebMvcConfigurationSupport.java:594)
	at org.springframework.boot.autoconfigure.web.WebMvcAutoConfiguration$EnableWebMvcConfiguration$$EnhancerBySpringCGLIB$$cce56afa.CGLIB$mvcConversionService$45(<generated>)
	at org.springframework.boot.autoconfigure.web.WebMvcAutoConfiguration$EnableWebMvcConfiguration$$EnhancerBySpringCGLIB$$cce56afa$$FastClassBySpringCGLIB$$a3b7a04b.invoke(<generated>)
	at org.springframework.cglib.proxy.MethodProxy.invokeSuper(MethodProxy.java:228)
	at org.springframework.context.annotation.ConfigurationClassEnhancer$BeanMethodInterceptor.intercept(ConfigurationClassEnhancer.java:358)
	at org.springframework.boot.autoconfigure.web.WebMvcAutoConfiguration$EnableWebMvcConfiguration$$EnhancerBySpringCGLIB$$cce56afa.mvcConversionService(<generated>)
	at sun.reflect.NativeMethodAccessorImpl.invoke0(Native Method)
	at sun.reflect.NativeMethodAccessorImpl.invoke(Unknown Source)
	at sun.reflect.DelegatingMethodAccessorImpl.invoke(Unknown Source)
	at java.lang.reflect.Method.invoke(Unknown Source)
	at org.springframework.beans.factory.support.SimpleInstantiationStrategy.instantiate(SimpleInstantiationStrategy.java:162)
	at org.springframework.beans.factory.support.ConstructorResolver.instantiateUsingFactoryMethod(ConstructorResolver.java:588)
	at org.springframework.beans.factory.support.AbstractAutowireCapableBeanFactory.instantiateUsingFactoryMethod(AbstractAutowireCapableBeanFactory.java:1173)
	at org.springframework.beans.factory.support.AbstractAutowireCapableBeanFactory.createBeanInstance(AbstractAutowireCapableBeanFactory.java:1067)
	at org.springframework.beans.factory.support.AbstractAutowireCapableBeanFactory.doCreateBean(AbstractAutowireCapableBeanFactory.java:513)
	at org.springframework.beans.factory.support.AbstractAutowireCapableBeanFactory.createBean(AbstractAutowireCapableBeanFactory.java:483)
	at org.springframework.beans.factory.support.AbstractBeanFactory$1.getObject(AbstractBeanFactory.java:306)
	at org.springframework.beans.factory.support.DefaultSingletonBeanRegistry.getSingleton(DefaultSingletonBeanRegistry.java:230)
	at org.springframework.beans.factory.support.AbstractBeanFactory.doGetBean(AbstractBeanFactory.java:302)
	at org.springframework.beans.factory.support.AbstractBeanFactory.getBean(AbstractBeanFactory.java:197)
	at org.springframework.context.annotation.ConfigurationClassEnhancer$BeanMethodInterceptor.obtainBeanInstanceFromFactory(ConfigurationClassEnhancer.java:389)
	at org.springframework.context.annotation.ConfigurationClassEnhancer$BeanMethodInterceptor.intercept(ConfigurationClassEnhancer.java:361)
	at org.springframework.boot.autoconfigure.web.WebMvcAutoConfiguration$EnableWebMvcConfiguration$$EnhancerBySpringCGLIB$$cce56afa.mvcConversionService(<generated>)
	at org.springframework.web.servlet.config.annotation.WebMvcConfigurationSupport.getConfigurableWebBindingInitializer(WebMvcConfigurationSupport.java:566)
	at org.springframework.boot.autoconfigure.web.WebMvcAutoConfiguration$EnableWebMvcConfiguration.getConfigurableWebBindingInitializer(WebMvcAutoConfiguration.java:447)
	at org.springframework.web.servlet.config.annotation.WebMvcConfigurationSupport.requestMappingHandlerAdapter(WebMvcConfigurationSupport.java:526)
	at org.springframework.boot.autoconfigure.web.WebMvcAutoConfiguration$EnableWebMvcConfiguration.requestMappingHandlerAdapter(WebMvcAutoConfiguration.java:402)
	at org.springframework.boot.autoconfigure.web.WebMvcAutoConfiguration$EnableWebMvcConfiguration$$EnhancerBySpringCGLIB$$cce56afa.CGLIB$requestMappingHandlerAdapter$3(<generated>)
	at org.springframework.boot.autoconfigure.web.WebMvcAutoConfiguration$EnableWebMvcConfiguration$$EnhancerBySpringCGLIB$$cce56afa$$FastClassBySpringCGLIB$$a3b7a04b.invoke(<generated>)
	at org.springframework.cglib.proxy.MethodProxy.invokeSuper(MethodProxy.java:228)
	at org.springframework.context.annotation.ConfigurationClassEnhancer$BeanMethodInterceptor.intercept(ConfigurationClassEnhancer.java:358)
	at org.springframework.boot.autoconfigure.web.WebMvcAutoConfiguration$EnableWebMvcConfiguration$$EnhancerBySpringCGLIB$$cce56afa.requestMappingHandlerAdapter(<generated>)
	at sun.reflect.NativeMethodAccessorImpl.invoke0(Native Method)
	at sun.reflect.NativeMethodAccessorImpl.invoke(Unknown Source)
	at sun.reflect.DelegatingMethodAccessorImpl.invoke(Unknown Source)
	at java.lang.reflect.Method.invoke(Unknown Source)
	at org.springframework.beans.factory.support.SimpleInstantiationStrategy.instantiate(SimpleInstantiationStrategy.java:162)
	at org.springframework.beans.factory.support.ConstructorResolver.instantiateUsingFactoryMethod(ConstructorResolver.java:588)
	at org.springframework.beans.factory.support.AbstractAutowireCapableBeanFactory.instantiateUsingFactoryMethod(AbstractAutowireCapableBeanFactory.java:1173)
	at org.springframework.beans.factory.support.AbstractAutowireCapableBeanFactory.createBeanInstance(AbstractAutowireCapableBeanFactory.java:1067)
	at org.springframework.beans.factory.support.AbstractAutowireCapableBeanFactory.doCreateBean(AbstractAutowireCapableBeanFactory.java:513)
	at org.springframework.beans.factory.support.AbstractAutowireCapableBeanFactory.createBean(AbstractAutowireCapableBeanFactory.java:483)
	at org.springframework.beans.factory.support.AbstractBeanFactory$1.getObject(AbstractBeanFactory.java:306)
	at org.springframework.beans.factory.support.DefaultSingletonBeanRegistry.getSingleton(DefaultSingletonBeanRegistry.java:230)
	at org.springframework.beans.factory.support.AbstractBeanFactory.doGetBean(AbstractBeanFactory.java:302)
	at org.springframework.beans.factory.support.AbstractBeanFactory.getBean(AbstractBeanFactory.java:197)
	at org.springframework.beans.factory.support.DefaultListableBeanFactory.preInstantiateSingletons(DefaultListableBeanFactory.java:761)
	at org.springframework.context.support.AbstractApplicationContext.finishBeanFactoryInitialization(AbstractApplicationContext.java:866)
	at org.springframework.context.support.AbstractApplicationContext.refresh(AbstractApplicationContext.java:542)
	at org.springframework.boot.SpringApplication.refresh(SpringApplication.java:737)
	at org.springframework.boot.SpringApplication.refreshContext(SpringApplication.java:370)
	at org.springframework.boot.SpringApplication.run(SpringApplication.java:314)
	at org.springframework.boot.test.context.SpringBootContextLoader.loadContext(SpringBootContextLoader.java:120)
	at org.springframework.test.context.cache.DefaultCacheAwareContextLoaderDelegate.loadContextInternal(DefaultCacheAwareContextLoaderDelegate.java:98)
	at org.springframework.test.context.cache.DefaultCacheAwareContextLoaderDelegate.loadContext(DefaultCacheAwareContextLoaderDelegate.java:116)
	at org.springframework.test.context.support.DefaultTestContext.getApplicationContext(DefaultTestContext.java:83)
	at org.springframework.test.context.web.ServletTestExecutionListener.setUpRequestContextIfNecessary(ServletTestExecutionListener.java:189)
	at org.springframework.test.context.web.ServletTestExecutionListener.prepareTestInstance(ServletTestExecutionListener.java:131)
	at org.springframework.test.context.TestContextManager.prepareTestInstance(TestContextManager.java:230)
	at org.springframework.test.context.junit4.SpringJUnit4ClassRunner.createTest(SpringJUnit4ClassRunner.java:228)
	at org.springframework.test.context.junit4.SpringJUnit4ClassRunner$1.runReflectiveCall(SpringJUnit4ClassRunner.java:287)
	at org.junit.internal.runners.model.ReflectiveCallable.run(ReflectiveCallable.java:12)
	at org.springframework.test.context.junit4.SpringJUnit4ClassRunner.methodBlock(SpringJUnit4ClassRunner.java:289)
	at org.springframework.test.context.junit4.SpringJUnit4ClassRunner.runChild(SpringJUnit4ClassRunner.java:247)
	at org.springframework.test.context.junit4.SpringJUnit4ClassRunner.runChild(SpringJUnit4ClassRunner.java:94)
	at org.junit.runners.ParentRunner$3.run(ParentRunner.java:290)
	at org.junit.runners.ParentRunner$1.schedule(ParentRunner.java:71)
	at org.junit.runners.ParentRunner.runChildren(ParentRunner.java:288)
	at org.junit.runners.ParentRunner.access$000(ParentRunner.java:58)
	at org.junit.runners.ParentRunner$2.evaluate(ParentRunner.java:268)
	at org.springframework.test.context.junit4.statements.RunBeforeTestClassCallbacks.evaluate(RunBeforeTestClassCallbacks.java:61)
	at org.springframework.test.context.junit4.statements.RunAfterTestClassCallbacks.evaluate(RunAfterTestClassCallbacks.java:70)
	at org.junit.runners.ParentRunner.run(ParentRunner.java:363)
	at org.springframework.test.context.junit4.SpringJUnit4ClassRunner.run(SpringJUnit4ClassRunner.java:191)
	at org.eclipse.jdt.internal.junit4.runner.JUnit4TestReference.run(JUnit4TestReference.java:86)
	at org.eclipse.jdt.internal.junit.runner.TestExecution.run(TestExecution.java:38)
	at org.eclipse.jdt.internal.junit.runner.RemoteTestRunner.runTests(RemoteTestRunner.java:538)
	at org.eclipse.jdt.internal.junit.runner.RemoteTestRunner.runTests(RemoteTestRunner.java:760)
	at org.eclipse.jdt.internal.junit.runner.RemoteTestRunner.run(RemoteTestRunner.java:460)
	at org.eclipse.jdt.internal.junit.runner.RemoteTestRunner.main(RemoteTestRunner.java:206)
2019-08-16 12:15:49.296 [restartedMain] WARN  org.elasticsearch.client.transport - [Machine Man] node {#transport#-1}{192.168.56.135}{192.168.56.135:9300} not part of the cluster Cluster [es], ignoring...
2019-08-16 12:15:54.315 [restartedMain] WARN  org.elasticsearch.client.transport - [Tag] node {#transport#-1}{192.168.56.135}{192.168.56.135:9300} not part of the cluster Cluster [es], ignoring...
2019-08-16 12:15:59.290 [elasticsearch[Tag][generic][T#2]] WARN  org.elasticsearch.client.transport - [Tag] node {#transport#-1}{192.168.56.135}{192.168.56.135:9300} not part of the cluster Cluster [es], ignoring...
2019-08-16 12:16:01.356 [restartedMain] WARN  org.elasticsearch.client.transport - [Ebon Seeker] node {#transport#-1}{192.168.56.135}{192.168.56.135:9300} not part of the cluster Cluster [es], ignoring...
2019-08-16 12:16:06.331 [elasticsearch[Ebon Seeker][generic][T#2]] WARN  org.elasticsearch.client.transport - [Ebon Seeker] node {#transport#-1}{192.168.56.135}{192.168.56.135:9300} not part of the cluster Cluster [es], ignoring...
2019-08-16 12:16:11.337 [elasticsearch[Ebon Seeker][generic][T#2]] WARN  org.elasticsearch.client.transport - [Ebon Seeker] node {#transport#-1}{192.168.56.135}{192.168.56.135:9300} not part of the cluster Cluster [es], ignoring...
2019-08-16 12:16:16.340 [elasticsearch[Ebon Seeker][generic][T#2]] WARN  org.elasticsearch.client.transport - [Ebon Seeker] node {#transport#-1}{192.168.56.135}{192.168.56.135:9300} not part of the cluster Cluster [es], ignoring...
2019-08-16 12:16:21.343 [elasticsearch[Ebon Seeker][generic][T#2]] WARN  org.elasticsearch.client.transport - [Ebon Seeker] node {#transport#-1}{192.168.56.135}{192.168.56.135:9300} not part of the cluster Cluster [es], ignoring...
2019-08-16 12:16:26.348 [elasticsearch[Ebon Seeker][generic][T#2]] WARN  org.elasticsearch.client.transport - [Ebon Seeker] node {#transport#-1}{192.168.56.135}{192.168.56.135:9300} not part of the cluster Cluster [es], ignoring...
2019-08-16 12:16:31.364 [elasticsearch[Ebon Seeker][generic][T#2]] WARN  org.elasticsearch.client.transport - [Ebon Seeker] node {#transport#-1}{192.168.56.135}{192.168.56.135:9300} not part of the cluster Cluster [es], ignoring...
2019-08-16 12:16:36.370 [elasticsearch[Ebon Seeker][generic][T#2]] WARN  org.elasticsearch.client.transport - [Ebon Seeker] node {#transport#-1}{192.168.56.135}{192.168.56.135:9300} not part of the cluster Cluster [es], ignoring...
2019-08-16 12:16:41.373 [elasticsearch[Ebon Seeker][generic][T#2]] WARN  org.elasticsearch.client.transport - [Ebon Seeker] node {#transport#-1}{192.168.56.135}{192.168.56.135:9300} not part of the cluster Cluster [es], ignoring...
2019-08-16 12:16:46.376 [elasticsearch[Ebon Seeker][generic][T#2]] WARN  org.elasticsearch.client.transport - [Ebon Seeker] node {#transport#-1}{192.168.56.135}{192.168.56.135:9300} not part of the cluster Cluster [es], ignoring...
2019-08-16 12:16:51.378 [elasticsearch[Ebon Seeker][generic][T#2]] WARN  org.elasticsearch.client.transport - [Ebon Seeker] node {#transport#-1}{192.168.56.135}{192.168.56.135:9300} not part of the cluster Cluster [es], ignoring...
2019-08-16 12:16:56.383 [elasticsearch[Ebon Seeker][generic][T#2]] WARN  org.elasticsearch.client.transport - [Ebon Seeker] node {#transport#-1}{192.168.56.135}{192.168.56.135:9300} not part of the cluster Cluster [es], ignoring...
2019-08-16 12:17:01.386 [elasticsearch[Ebon Seeker][generic][T#2]] WARN  org.elasticsearch.client.transport - [Ebon Seeker] node {#transport#-1}{192.168.56.135}{192.168.56.135:9300} not part of the cluster Cluster [es], ignoring...
2019-08-16 12:17:06.391 [elasticsearch[Ebon Seeker][generic][T#2]] WARN  org.elasticsearch.client.transport - [Ebon Seeker] node {#transport#-1}{192.168.56.135}{192.168.56.135:9300} not part of the cluster Cluster [es], ignoring...
2019-08-16 12:17:11.394 [elasticsearch[Ebon Seeker][generic][T#2]] WARN  org.elasticsearch.client.transport - [Ebon Seeker] node {#transport#-1}{192.168.56.135}{192.168.56.135:9300} not part of the cluster Cluster [es], ignoring...
2019-08-16 12:17:16.400 [elasticsearch[Ebon Seeker][generic][T#2]] WARN  org.elasticsearch.client.transport - [Ebon Seeker] node {#transport#-1}{192.168.56.135}{192.168.56.135:9300} not part of the cluster Cluster [es], ignoring...
2019-08-16 12:17:19.262 [main] WARN  org.elasticsearch.client.transport - [DJ] node {#transport#-1}{192.168.56.135}{192.168.56.135:9300} not part of the cluster Cluster [es], ignoring...
2019-08-16 12:17:21.404 [elasticsearch[Ebon Seeker][generic][T#2]] WARN  org.elasticsearch.client.transport - [Ebon Seeker] node {#transport#-1}{192.168.56.135}{192.168.56.135:9300} not part of the cluster Cluster [es], ignoring...
2019-08-16 12:17:24.051 [elasticsearch[DJ][generic][T#1]] WARN  org.elasticsearch.client.transport - [DJ] node {#transport#-1}{192.168.56.135}{192.168.56.135:9300} not part of the cluster Cluster [es], ignoring...
2019-08-16 12:17:26.414 [elasticsearch[Ebon Seeker][generic][T#2]] WARN  org.elasticsearch.client.transport - [Ebon Seeker] node {#transport#-1}{192.168.56.135}{192.168.56.135:9300} not part of the cluster Cluster [es], ignoring...
2019-08-16 12:17:29.066 [elasticsearch[DJ][generic][T#1]] WARN  org.elasticsearch.client.transport - [DJ] node {#transport#-1}{192.168.56.135}{192.168.56.135:9300} not part of the cluster Cluster [es], ignoring...
2019-08-16 12:17:31.431 [elasticsearch[Ebon Seeker][generic][T#2]] WARN  org.elasticsearch.client.transport - [Ebon Seeker] node {#transport#-1}{192.168.56.135}{192.168.56.135:9300} not part of the cluster Cluster [es], ignoring...
2019-08-16 12:17:34.082 [elasticsearch[DJ][generic][T#1]] WARN  org.elasticsearch.client.transport - [DJ] node {#transport#-1}{192.168.56.135}{192.168.56.135:9300} not part of the cluster Cluster [es], ignoring...
2019-08-16 12:17:36.447 [elasticsearch[Ebon Seeker][generic][T#2]] WARN  org.elasticsearch.client.transport - [Ebon Seeker] node {#transport#-1}{192.168.56.135}{192.168.56.135:9300} not part of the cluster Cluster [es], ignoring...
2019-08-16 12:17:39.088 [elasticsearch[DJ][generic][T#1]] WARN  org.elasticsearch.client.transport - [DJ] node {#transport#-1}{192.168.56.135}{192.168.56.135:9300} not part of the cluster Cluster [es], ignoring...
2019-08-16 12:17:41.449 [elasticsearch[Ebon Seeker][generic][T#2]] WARN  org.elasticsearch.client.transport - [Ebon Seeker] node {#transport#-1}{192.168.56.135}{192.168.56.135:9300} not part of the cluster Cluster [es], ignoring...
2019-08-16 12:17:44.093 [elasticsearch[DJ][generic][T#1]] WARN  org.elasticsearch.client.transport - [DJ] node {#transport#-1}{192.168.56.135}{192.168.56.135:9300} not part of the cluster Cluster [es], ignoring...
2019-08-16 12:17:46.450 [elasticsearch[Ebon Seeker][generic][T#2]] WARN  org.elasticsearch.client.transport - [Ebon Seeker] node {#transport#-1}{192.168.56.135}{192.168.56.135:9300} not part of the cluster Cluster [es], ignoring...
2019-08-16 12:17:49.095 [elasticsearch[DJ][generic][T#1]] WARN  org.elasticsearch.client.transport - [DJ] node {#transport#-1}{192.168.56.135}{192.168.56.135:9300} not part of the cluster Cluster [es], ignoring...
2019-08-16 12:17:51.454 [elasticsearch[Ebon Seeker][generic][T#2]] WARN  org.elasticsearch.client.transport - [Ebon Seeker] node {#transport#-1}{192.168.56.135}{192.168.56.135:9300} not part of the cluster Cluster [es], ignoring...
2019-08-16 12:17:54.101 [elasticsearch[DJ][generic][T#1]] WARN  org.elasticsearch.client.transport - [DJ] node {#transport#-1}{192.168.56.135}{192.168.56.135:9300} not part of the cluster Cluster [es], ignoring...
2019-08-16 12:17:56.456 [elasticsearch[Ebon Seeker][generic][T#2]] WARN  org.elasticsearch.client.transport - [Ebon Seeker] node {#transport#-1}{192.168.56.135}{192.168.56.135:9300} not part of the cluster Cluster [es], ignoring...
2019-08-16 12:17:59.107 [elasticsearch[DJ][generic][T#1]] WARN  org.elasticsearch.client.transport - [DJ] node {#transport#-1}{192.168.56.135}{192.168.56.135:9300} not part of the cluster Cluster [es], ignoring...
2019-08-16 12:18:01.460 [elasticsearch[Ebon Seeker][generic][T#2]] WARN  org.elasticsearch.client.transport - [Ebon Seeker] node {#transport#-1}{192.168.56.135}{192.168.56.135:9300} not part of the cluster Cluster [es], ignoring...
2019-08-16 12:18:06.462 [elasticsearch[Ebon Seeker][generic][T#2]] WARN  org.elasticsearch.client.transport - [Ebon Seeker] node {#transport#-1}{192.168.56.135}{192.168.56.135:9300} not part of the cluster Cluster [es], ignoring...
2019-08-16 12:18:11.468 [elasticsearch[Ebon Seeker][generic][T#2]] WARN  org.elasticsearch.client.transport - [Ebon Seeker] node {#transport#-1}{192.168.56.135}{192.168.56.135:9300} not part of the cluster Cluster [es], ignoring...
2019-08-16 12:18:16.471 [elasticsearch[Ebon Seeker][generic][T#2]] WARN  org.elasticsearch.client.transport - [Ebon Seeker] node {#transport#-1}{192.168.56.135}{192.168.56.135:9300} not part of the cluster Cluster [es], ignoring...
2019-08-16 12:18:21.475 [elasticsearch[Ebon Seeker][generic][T#2]] WARN  org.elasticsearch.client.transport - [Ebon Seeker] node {#transport#-1}{192.168.56.135}{192.168.56.135:9300} not part of the cluster Cluster [es], ignoring...
2019-08-16 12:18:38.491 [main] WARN  org.elasticsearch.client.transport - [Elaine Grey] node {#transport#-1}{192.168.56.135}{192.168.56.135:9300} not part of the cluster Cluster [es], ignoring...
